<?xml version="1.0" encoding="UTF-8"?>
<testsuite name="com.been.book.springboot.HelloControllerTest" tests="2" skipped="0" failures="0" errors="0" timestamp="2024-10-17T09:36:06" hostname="JungBeen" time="0.29">
  <properties/>
  <testcase name="hello가_리턴된다" classname="com.been.book.springboot.HelloControllerTest" time="0.118"/>
  <testcase name="helloDto가_리턴된다" classname="com.been.book.springboot.HelloControllerTest" time="0.171"/>
  <system-out><![CDATA[2024-10-17 18:36:04.367  INFO 11604 --- [    Test worker] .b.t.a.w.s.WebMvcTestContextBootstrapper : Neither @ContextConfiguration nor @ContextHierarchy found for test class [com.been.book.springboot.HelloControllerTest], using SpringBootContextLoader
2024-10-17 18:36:04.371  INFO 11604 --- [    Test worker] o.s.t.c.support.AbstractContextLoader    : Could not detect default resource locations for test class [com.been.book.springboot.HelloControllerTest]: no resource found for suffixes {-context.xml, Context.groovy}.
2024-10-17 18:36:04.371  INFO 11604 --- [    Test worker] t.c.s.AnnotationConfigContextLoaderUtils : Could not detect default configuration classes for test class [com.been.book.springboot.HelloControllerTest]: HelloControllerTest does not declare any static, non-private, non-final, nested classes annotated with @Configuration.
2024-10-17 18:36:04.420  INFO 11604 --- [    Test worker] .b.t.c.SpringBootTestContextBootstrapper : Found @SpringBootConfiguration com.been.book.springboot.Application for test class com.been.book.springboot.HelloControllerTest
2024-10-17 18:36:04.434  INFO 11604 --- [    Test worker] .b.t.a.w.s.WebMvcTestContextBootstrapper : Loaded default TestExecutionListener class names from location [META-INF/spring.factories]: [org.springframework.security.test.context.support.WithSecurityContextTestExecutionListener, org.springframework.security.test.context.support.ReactorContextTestExecutionListener, org.springframework.boot.test.autoconfigure.restdocs.RestDocsTestExecutionListener, org.springframework.boot.test.autoconfigure.web.client.MockRestServiceServerResetTestExecutionListener, org.springframework.boot.test.autoconfigure.web.servlet.MockMvcPrintOnlyOnFailureTestExecutionListener, org.springframework.boot.test.autoconfigure.web.servlet.WebDriverTestExecutionListener, org.springframework.boot.test.mock.mockito.MockitoTestExecutionListener, org.springframework.boot.test.mock.mockito.ResetMocksTestExecutionListener, org.springframework.test.context.web.ServletTestExecutionListener, org.springframework.test.context.support.DirtiesContextBeforeModesTestExecutionListener, org.springframework.test.context.support.DependencyInjectionTestExecutionListener, org.springframework.test.context.support.DirtiesContextTestExecutionListener, org.springframework.test.context.transaction.TransactionalTestExecutionListener, org.springframework.test.context.jdbc.SqlScriptsTestExecutionListener]
2024-10-17 18:36:04.436  INFO 11604 --- [    Test worker] .b.t.a.w.s.WebMvcTestContextBootstrapper : Using TestExecutionListeners: [org.springframework.test.context.web.ServletTestExecutionListener@16cd3826, org.springframework.test.context.support.DirtiesContextBeforeModesTestExecutionListener@61359826, org.springframework.boot.test.mock.mockito.MockitoTestExecutionListener@1f19f894, org.springframework.boot.test.autoconfigure.SpringBootDependencyInjectionTestExecutionListener@60f00018, org.springframework.test.context.support.DirtiesContextTestExecutionListener@1f831828, org.springframework.test.context.transaction.TransactionalTestExecutionListener@52ba5756, org.springframework.test.context.jdbc.SqlScriptsTestExecutionListener@237d8cd, org.springframework.security.test.context.support.WithSecurityContextTestExecutionListener@62a7e853, org.springframework.security.test.context.support.ReactorContextTestExecutionListener@6562fe77, org.springframework.boot.test.autoconfigure.restdocs.RestDocsTestExecutionListener@65e2056a, org.springframework.boot.test.autoconfigure.web.client.MockRestServiceServerResetTestExecutionListener@59af48ab, org.springframework.boot.test.autoconfigure.web.servlet.MockMvcPrintOnlyOnFailureTestExecutionListener@417c6bd, org.springframework.boot.test.autoconfigure.web.servlet.WebDriverTestExecutionListener@7674010e, org.springframework.boot.test.mock.mockito.ResetMocksTestExecutionListener@3c893ff]

  .   ____          _            __ _ _
 /\\ / ___'_ __ _ _(_)_ __  __ _ \ \ \ \
( ( )\___ | '_ | '_| | '_ \/ _` | \ \ \ \
 \\/  ___)| |_)| | | | | || (_| |  ) ) ) )
  '  |____| .__|_| |_|_| |_\__, | / / / /
 =========|_|==============|___/=/_/_/_/
 :: Spring Boot ::        (v2.1.7.RELEASE)

2024-10-17 18:36:04.681  INFO 11604 --- [    Test worker] c.b.book.springboot.HelloControllerTest  : Starting HelloControllerTest on JungBeen with PID 11604 (started by LJB in C:\Users\LJB\Desktop\bootmazon)
2024-10-17 18:36:04.688  INFO 11604 --- [    Test worker] c.b.book.springboot.HelloControllerTest  : No active profile set, falling back to default profiles: default
2024-10-17 18:36:05.708  INFO 11604 --- [    Test worker] o.s.s.concurrent.ThreadPoolTaskExecutor  : Initializing ExecutorService 'applicationTaskExecutor'
2024-10-17 18:36:05.812  INFO 11604 --- [    Test worker] o.s.b.a.w.s.WelcomePageHandlerMapping    : Adding welcome page template: index
2024-10-17 18:36:06.343  INFO 11604 --- [    Test worker] .s.s.UserDetailsServiceAutoConfiguration : 

Using generated security password: 041ea99c-3c03-4162-97ab-55e1d4d1470f

2024-10-17 18:36:06.611  INFO 11604 --- [    Test worker] o.s.s.web.DefaultSecurityFilterChain     : Creating filter chain: any request, [org.springframework.security.web.context.request.async.WebAsyncManagerIntegrationFilter@58b0a323, org.springframework.security.web.context.SecurityContextPersistenceFilter@402c68e9, org.springframework.security.web.header.HeaderWriterFilter@2a3ba1aa, org.springframework.security.web.csrf.CsrfFilter@5fd7a37b, org.springframework.security.web.authentication.logout.LogoutFilter@6aaf968b, org.springframework.security.web.authentication.UsernamePasswordAuthenticationFilter@78ade770, org.springframework.security.web.authentication.ui.DefaultLoginPageGeneratingFilter@4060848, org.springframework.security.web.authentication.ui.DefaultLogoutPageGeneratingFilter@29db166, org.springframework.security.web.authentication.www.BasicAuthenticationFilter@71455c8f, org.springframework.security.web.savedrequest.RequestCacheAwareFilter@13ada07d, org.springframework.security.web.servletapi.SecurityContextHolderAwareRequestFilter@64ec6553, org.springframework.security.web.authentication.AnonymousAuthenticationFilter@5967349e, org.springframework.security.web.session.SessionManagementFilter@481503ed, org.springframework.security.web.access.ExceptionTranslationFilter@63860a83, org.springframework.security.web.access.intercept.FilterSecurityInterceptor@276add2f]
2024-10-17 18:36:06.683  INFO 11604 --- [    Test worker] o.s.b.t.m.w.SpringBootMockServletContext : Initializing Spring TestDispatcherServlet ''
2024-10-17 18:36:06.683  INFO 11604 --- [    Test worker] o.s.t.web.servlet.TestDispatcherServlet  : Initializing Servlet ''
2024-10-17 18:36:06.716  INFO 11604 --- [    Test worker] o.s.t.web.servlet.TestDispatcherServlet  : Completed initialization in 33 ms
2024-10-17 18:36:06.794  INFO 11604 --- [    Test worker] c.b.book.springboot.HelloControllerTest  : Started HelloControllerTest in 2.354 seconds (JVM running for 17.509)
]]></system-out>
  <system-err><![CDATA[]]></system-err>
</testsuite>
