<?xml version="1.0" encoding="UTF-8"?>
<testsuite name="com.been.book.springboot.web.IndexControllerTest" tests="1" skipped="0" failures="0" errors="0" timestamp="2024-10-18T09:41:06" hostname="JungBeen" time="0.443">
  <properties/>
  <testcase name="메인페이지_로딩" classname="com.been.book.springboot.web.IndexControllerTest" time="0.443"/>
  <system-out><![CDATA[2024-10-18 18:40:59.922  INFO 13192 --- [    Test worker] .b.t.c.SpringBootTestContextBootstrapper : Neither @ContextConfiguration nor @ContextHierarchy found for test class [com.been.book.springboot.web.IndexControllerTest], using SpringBootContextLoader
2024-10-18 18:40:59.924  INFO 13192 --- [    Test worker] o.s.t.c.support.AbstractContextLoader    : Could not detect default resource locations for test class [com.been.book.springboot.web.IndexControllerTest]: no resource found for suffixes {-context.xml, Context.groovy}.
2024-10-18 18:40:59.924  INFO 13192 --- [    Test worker] t.c.s.AnnotationConfigContextLoaderUtils : Could not detect default configuration classes for test class [com.been.book.springboot.web.IndexControllerTest]: IndexControllerTest does not declare any static, non-private, non-final, nested classes annotated with @Configuration.
2024-10-18 18:40:59.967  INFO 13192 --- [    Test worker] .b.t.c.SpringBootTestContextBootstrapper : Found @SpringBootConfiguration com.been.book.springboot.Application for test class com.been.book.springboot.web.IndexControllerTest
2024-10-18 18:40:59.997  INFO 13192 --- [    Test worker] .b.t.c.SpringBootTestContextBootstrapper : Loaded default TestExecutionListener class names from location [META-INF/spring.factories]: [org.springframework.security.test.context.support.WithSecurityContextTestExecutionListener, org.springframework.security.test.context.support.ReactorContextTestExecutionListener, org.springframework.boot.test.autoconfigure.restdocs.RestDocsTestExecutionListener, org.springframework.boot.test.autoconfigure.web.client.MockRestServiceServerResetTestExecutionListener, org.springframework.boot.test.autoconfigure.web.servlet.MockMvcPrintOnlyOnFailureTestExecutionListener, org.springframework.boot.test.autoconfigure.web.servlet.WebDriverTestExecutionListener, org.springframework.boot.test.mock.mockito.MockitoTestExecutionListener, org.springframework.boot.test.mock.mockito.ResetMocksTestExecutionListener, org.springframework.test.context.web.ServletTestExecutionListener, org.springframework.test.context.support.DirtiesContextBeforeModesTestExecutionListener, org.springframework.test.context.support.DependencyInjectionTestExecutionListener, org.springframework.test.context.support.DirtiesContextTestExecutionListener, org.springframework.test.context.transaction.TransactionalTestExecutionListener, org.springframework.test.context.jdbc.SqlScriptsTestExecutionListener]
2024-10-18 18:40:59.998  INFO 13192 --- [    Test worker] .b.t.c.SpringBootTestContextBootstrapper : Using TestExecutionListeners: [org.springframework.test.context.web.ServletTestExecutionListener@3bd9fbaa, org.springframework.test.context.support.DirtiesContextBeforeModesTestExecutionListener@647c4e47, org.springframework.boot.test.mock.mockito.MockitoTestExecutionListener@1941b0a4, org.springframework.boot.test.autoconfigure.SpringBootDependencyInjectionTestExecutionListener@2bb4d925, org.springframework.test.context.support.DirtiesContextTestExecutionListener@5f447352, org.springframework.test.context.transaction.TransactionalTestExecutionListener@594c108b, org.springframework.test.context.jdbc.SqlScriptsTestExecutionListener@4d1c5f96, org.springframework.security.test.context.support.WithSecurityContextTestExecutionListener@40ecdae1, org.springframework.security.test.context.support.ReactorContextTestExecutionListener@3cceff4d, org.springframework.boot.test.autoconfigure.restdocs.RestDocsTestExecutionListener@5bf7817, org.springframework.boot.test.autoconfigure.web.client.MockRestServiceServerResetTestExecutionListener@2af067d9, org.springframework.boot.test.autoconfigure.web.servlet.MockMvcPrintOnlyOnFailureTestExecutionListener@c6d8bb4, org.springframework.boot.test.autoconfigure.web.servlet.WebDriverTestExecutionListener@471239e3, org.springframework.boot.test.mock.mockito.ResetMocksTestExecutionListener@39139ed6]

  .   ____          _            __ _ _
 /\\ / ___'_ __ _ _(_)_ __  __ _ \ \ \ \
( ( )\___ | '_ | '_| | '_ \/ _` | \ \ \ \
 \\/  ___)| |_)| | | | | || (_| |  ) ) ) )
  '  |____| .__|_| |_|_| |_\__, | / / / /
 =========|_|==============|___/=/_/_/_/
 :: Spring Boot ::        (v2.1.7.RELEASE)

2024-10-18 18:41:00.145  INFO 13192 --- [    Test worker] c.b.b.s.web.IndexControllerTest          : Starting IndexControllerTest on JungBeen with PID 13192 (started by LJB in C:\Users\LJB\Desktop\bootmazon)
2024-10-18 18:41:00.145  INFO 13192 --- [    Test worker] c.b.b.s.web.IndexControllerTest          : No active profile set, falling back to default profiles: default
2024-10-18 18:41:01.206  INFO 13192 --- [    Test worker] .s.d.r.c.RepositoryConfigurationDelegate : Bootstrapping Spring Data repositories in DEFAULT mode.
2024-10-18 18:41:01.288  INFO 13192 --- [    Test worker] .s.d.r.c.RepositoryConfigurationDelegate : Finished Spring Data repository scanning in 79ms. Found 2 repository interfaces.
2024-10-18 18:41:01.633  INFO 13192 --- [    Test worker] trationDelegate$BeanPostProcessorChecker : Bean 'org.springframework.transaction.annotation.ProxyTransactionManagementConfiguration' of type [org.springframework.transaction.annotation.ProxyTransactionManagementConfiguration$$EnhancerBySpringCGLIB$$4e238830] is not eligible for getting processed by all BeanPostProcessors (for example: not eligible for auto-proxying)
2024-10-18 18:41:03.040  INFO 13192 --- [    Test worker] o.s.b.w.embedded.tomcat.TomcatWebServer  : Tomcat initialized with port(s): 0 (http)
2024-10-18 18:41:03.153  INFO 13192 --- [    Test worker] o.apache.catalina.core.StandardService   : Starting service [Tomcat]
2024-10-18 18:41:03.154  INFO 13192 --- [    Test worker] org.apache.catalina.core.StandardEngine  : Starting Servlet engine: [Apache Tomcat/9.0.22]
2024-10-18 18:41:03.703  INFO 13192 --- [    Test worker] o.a.c.c.C.[Tomcat].[localhost].[/]       : Initializing Spring embedded WebApplicationContext
2024-10-18 18:41:03.704  INFO 13192 --- [    Test worker] o.s.web.context.ContextLoader            : Root WebApplicationContext: initialization completed in 3543 ms
2024-10-18 18:41:04.114  INFO 13192 --- [    Test worker] com.zaxxer.hikari.HikariDataSource       : HikariPool-2 - Starting...
2024-10-18 18:41:04.116  INFO 13192 --- [    Test worker] com.zaxxer.hikari.HikariDataSource       : HikariPool-2 - Start completed.
2024-10-18 18:41:04.221  INFO 13192 --- [    Test worker] o.hibernate.jpa.internal.util.LogHelper  : HHH000204: Processing PersistenceUnitInfo [
	name: default
	...]
2024-10-18 18:41:04.256  INFO 13192 --- [    Test worker] org.hibernate.dialect.Dialect            : HHH000400: Using dialect: org.hibernate.dialect.MySQL57Dialect
Hibernate: drop table if exists posts
Hibernate: drop table if exists user
Hibernate: create table posts (id bigint not null auto_increment, created_date datetime(6), modified_date datetime(6), author varchar(255), content TEXT not null, title varchar(500) not null, primary key (id)) engine=InnoDB
Hibernate: create table user (id bigint not null auto_increment, email varchar(255) not null, name varchar(255) not null, picture varchar(255), role varchar(255) not null, primary key (id)) engine=InnoDB
2024-10-18 18:41:04.358  INFO 13192 --- [    Test worker] o.h.t.schema.internal.SchemaCreatorImpl  : HHH000476: Executing import script 'org.hibernate.tool.schema.internal.exec.ScriptSourceInputNonExistentImpl@78dfbf38'
2024-10-18 18:41:04.358  INFO 13192 --- [    Test worker] j.LocalContainerEntityManagerFactoryBean : Initialized JPA EntityManagerFactory for persistence unit 'default'
2024-10-18 18:41:05.113  INFO 13192 --- [    Test worker] o.h.h.i.QueryTranslatorFactoryInitiator  : HHH000397: Using ASTQueryTranslatorFactory
2024-10-18 18:41:05.405  INFO 13192 --- [    Test worker] o.s.s.web.DefaultSecurityFilterChain     : Creating filter chain: any request, [org.springframework.security.web.context.request.async.WebAsyncManagerIntegrationFilter@448667b7, org.springframework.security.web.context.SecurityContextPersistenceFilter@1ff5017, org.springframework.security.web.header.HeaderWriterFilter@2cb9ad32, org.springframework.security.web.authentication.logout.LogoutFilter@7bb8362c, org.springframework.security.oauth2.client.web.OAuth2AuthorizationRequestRedirectFilter@2cb3df32, org.springframework.security.oauth2.client.web.OAuth2LoginAuthenticationFilter@7ec9697b, org.springframework.security.web.authentication.ui.DefaultLoginPageGeneratingFilter@bcb1c4, org.springframework.security.web.authentication.ui.DefaultLogoutPageGeneratingFilter@81b0f6d, org.springframework.security.web.savedrequest.RequestCacheAwareFilter@7ea0aaaa, org.springframework.security.web.servletapi.SecurityContextHolderAwareRequestFilter@1f115871, org.springframework.security.web.authentication.AnonymousAuthenticationFilter@3ae30b13, org.springframework.security.web.session.SessionManagementFilter@a32b01f, org.springframework.security.web.access.ExceptionTranslationFilter@6b728a48, org.springframework.security.web.access.intercept.FilterSecurityInterceptor@1f9a796b]
2024-10-18 18:41:05.785  INFO 13192 --- [    Test worker] o.s.s.concurrent.ThreadPoolTaskExecutor  : Initializing ExecutorService 'applicationTaskExecutor'
2024-10-18 18:41:05.806  WARN 13192 --- [    Test worker] aWebConfiguration$JpaWebMvcConfiguration : spring.jpa.open-in-view is enabled by default. Therefore, database queries may be performed during view rendering. Explicitly configure spring.jpa.open-in-view to disable this warning
2024-10-18 18:41:05.846  INFO 13192 --- [    Test worker] o.s.b.a.w.s.WelcomePageHandlerMapping    : Adding welcome page template: index
2024-10-18 18:41:06.372  INFO 13192 --- [    Test worker] s.a.ScheduledAnnotationBeanPostProcessor : No TaskScheduler/ScheduledExecutorService bean found for scheduled processing
2024-10-18 18:41:06.411  INFO 13192 --- [    Test worker] o.s.b.w.embedded.tomcat.TomcatWebServer  : Tomcat started on port(s): 5461 (http) with context path ''
2024-10-18 18:41:06.414  INFO 13192 --- [    Test worker] c.b.b.s.web.IndexControllerTest          : Started IndexControllerTest in 6.408 seconds (JVM running for 29.841)
2024-10-18 18:41:06.629  INFO 13192 --- [o-auto-1-exec-1] o.a.c.c.C.[Tomcat].[localhost].[/]       : Initializing Spring DispatcherServlet 'dispatcherServlet'
2024-10-18 18:41:06.629  INFO 13192 --- [o-auto-1-exec-1] o.s.web.servlet.DispatcherServlet        : Initializing Servlet 'dispatcherServlet'
2024-10-18 18:41:06.684  INFO 13192 --- [o-auto-1-exec-1] o.s.web.servlet.DispatcherServlet        : Completed initialization in 54 ms
Hibernate: select posts0_.id as id1_0_, posts0_.created_date as created_2_0_, posts0_.modified_date as modified3_0_, posts0_.author as author4_0_, posts0_.content as content5_0_, posts0_.title as title6_0_ from posts posts0_ order by posts0_.id DESC
]]></system-out>
  <system-err><![CDATA[]]></system-err>
</testsuite>
