<?xml version="1.0" encoding="UTF-8"?>
<testsuite name="com.been.book.springboot.domain.posts.PostRepositoryTest" tests="2" skipped="0" failures="0" errors="0" timestamp="2024-10-17T09:36:03" hostname="JungBeen" time="0.722">
  <properties/>
  <testcase name="게시글저장_불러오기" classname="com.been.book.springboot.domain.posts.PostRepositoryTest" time="0.55"/>
  <testcase name="BaseTimeEntity_등록" classname="com.been.book.springboot.domain.posts.PostRepositoryTest" time="0.171"/>
  <system-out><![CDATA[18:35:51.423 [Test worker] DEBUG org.springframework.test.context.junit4.SpringJUnit4ClassRunner - SpringJUnit4ClassRunner constructor called with [class com.been.book.springboot.domain.posts.PostRepositoryTest]
18:35:51.455 [Test worker] DEBUG org.springframework.test.context.BootstrapUtils - Instantiating CacheAwareContextLoaderDelegate from class [org.springframework.test.context.cache.DefaultCacheAwareContextLoaderDelegate]
18:35:51.473 [Test worker] DEBUG org.springframework.test.context.BootstrapUtils - Instantiating BootstrapContext using constructor [public org.springframework.test.context.support.DefaultBootstrapContext(java.lang.Class,org.springframework.test.context.CacheAwareContextLoaderDelegate)]
18:35:51.506 [Test worker] DEBUG org.springframework.test.context.BootstrapUtils - Instantiating TestContextBootstrapper for test class [com.been.book.springboot.domain.posts.PostRepositoryTest] from class [org.springframework.boot.test.context.SpringBootTestContextBootstrapper]
18:35:51.536 [Test worker] INFO org.springframework.boot.test.context.SpringBootTestContextBootstrapper - Neither @ContextConfiguration nor @ContextHierarchy found for test class [com.been.book.springboot.domain.posts.PostRepositoryTest], using SpringBootContextLoader
18:35:51.543 [Test worker] DEBUG org.springframework.test.context.support.AbstractContextLoader - Did not detect default resource location for test class [com.been.book.springboot.domain.posts.PostRepositoryTest]: class path resource [com/been/book/springboot/domain/posts/PostRepositoryTest-context.xml] does not exist
18:35:51.544 [Test worker] DEBUG org.springframework.test.context.support.AbstractContextLoader - Did not detect default resource location for test class [com.been.book.springboot.domain.posts.PostRepositoryTest]: class path resource [com/been/book/springboot/domain/posts/PostRepositoryTestContext.groovy] does not exist
18:35:51.545 [Test worker] INFO org.springframework.test.context.support.AbstractContextLoader - Could not detect default resource locations for test class [com.been.book.springboot.domain.posts.PostRepositoryTest]: no resource found for suffixes {-context.xml, Context.groovy}.
18:35:51.546 [Test worker] INFO org.springframework.test.context.support.AnnotationConfigContextLoaderUtils - Could not detect default configuration classes for test class [com.been.book.springboot.domain.posts.PostRepositoryTest]: PostRepositoryTest does not declare any static, non-private, non-final, nested classes annotated with @Configuration.
18:35:51.662 [Test worker] DEBUG org.springframework.test.context.support.ActiveProfilesUtils - Could not find an 'annotation declaring class' for annotation type [org.springframework.test.context.ActiveProfiles] and class [com.been.book.springboot.domain.posts.PostRepositoryTest]
18:35:51.849 [Test worker] DEBUG org.springframework.context.annotation.ClassPathScanningCandidateComponentProvider - Identified candidate component class: file [C:\Users\LJB\Desktop\bootmazon\build\classes\java\main\com\been\book\springboot\Application.class]
18:35:51.852 [Test worker] INFO org.springframework.boot.test.context.SpringBootTestContextBootstrapper - Found @SpringBootConfiguration com.been.book.springboot.Application for test class com.been.book.springboot.domain.posts.PostRepositoryTest
18:35:52.062 [Test worker] DEBUG org.springframework.boot.test.context.SpringBootTestContextBootstrapper - @TestExecutionListeners is not present for class [com.been.book.springboot.domain.posts.PostRepositoryTest]: using defaults.
18:35:52.063 [Test worker] INFO org.springframework.boot.test.context.SpringBootTestContextBootstrapper - Loaded default TestExecutionListener class names from location [META-INF/spring.factories]: [org.springframework.security.test.context.support.WithSecurityContextTestExecutionListener, org.springframework.security.test.context.support.ReactorContextTestExecutionListener, org.springframework.boot.test.autoconfigure.restdocs.RestDocsTestExecutionListener, org.springframework.boot.test.autoconfigure.web.client.MockRestServiceServerResetTestExecutionListener, org.springframework.boot.test.autoconfigure.web.servlet.MockMvcPrintOnlyOnFailureTestExecutionListener, org.springframework.boot.test.autoconfigure.web.servlet.WebDriverTestExecutionListener, org.springframework.boot.test.mock.mockito.MockitoTestExecutionListener, org.springframework.boot.test.mock.mockito.ResetMocksTestExecutionListener, org.springframework.test.context.web.ServletTestExecutionListener, org.springframework.test.context.support.DirtiesContextBeforeModesTestExecutionListener, org.springframework.test.context.support.DependencyInjectionTestExecutionListener, org.springframework.test.context.support.DirtiesContextTestExecutionListener, org.springframework.test.context.transaction.TransactionalTestExecutionListener, org.springframework.test.context.jdbc.SqlScriptsTestExecutionListener]
18:35:52.105 [Test worker] INFO org.springframework.boot.test.context.SpringBootTestContextBootstrapper - Using TestExecutionListeners: [org.springframework.test.context.web.ServletTestExecutionListener@77ec464f, org.springframework.test.context.support.DirtiesContextBeforeModesTestExecutionListener@23977c11, org.springframework.boot.test.mock.mockito.MockitoTestExecutionListener@465c46ff, org.springframework.boot.test.autoconfigure.SpringBootDependencyInjectionTestExecutionListener@13380a69, org.springframework.test.context.support.DirtiesContextTestExecutionListener@673f87f, org.springframework.test.context.transaction.TransactionalTestExecutionListener@1e9c7b54, org.springframework.test.context.jdbc.SqlScriptsTestExecutionListener@3a53bdc6, org.springframework.security.test.context.support.WithSecurityContextTestExecutionListener@696b93a7, org.springframework.security.test.context.support.ReactorContextTestExecutionListener@70422ef5, org.springframework.boot.test.autoconfigure.restdocs.RestDocsTestExecutionListener@d79ad72, org.springframework.boot.test.autoconfigure.web.client.MockRestServiceServerResetTestExecutionListener@2a638c96, org.springframework.boot.test.autoconfigure.web.servlet.MockMvcPrintOnlyOnFailureTestExecutionListener@1fa0d4d6, org.springframework.boot.test.autoconfigure.web.servlet.WebDriverTestExecutionListener@7e746451, org.springframework.boot.test.mock.mockito.ResetMocksTestExecutionListener@3e2654d0]
18:35:52.113 [Test worker] DEBUG org.springframework.test.annotation.ProfileValueUtils - Retrieved @ProfileValueSourceConfiguration [null] for test class [com.been.book.springboot.domain.posts.PostRepositoryTest]
18:35:52.114 [Test worker] DEBUG org.springframework.test.annotation.ProfileValueUtils - Retrieved ProfileValueSource type [class org.springframework.test.annotation.SystemProfileValueSource] for class [com.been.book.springboot.domain.posts.PostRepositoryTest]
18:35:52.115 [Test worker] DEBUG org.springframework.test.annotation.ProfileValueUtils - Retrieved @ProfileValueSourceConfiguration [null] for test class [com.been.book.springboot.domain.posts.PostRepositoryTest]
18:35:52.116 [Test worker] DEBUG org.springframework.test.annotation.ProfileValueUtils - Retrieved ProfileValueSource type [class org.springframework.test.annotation.SystemProfileValueSource] for class [com.been.book.springboot.domain.posts.PostRepositoryTest]
18:35:52.132 [Test worker] DEBUG org.springframework.test.context.support.AbstractDirtiesContextTestExecutionListener - Before test class: context [DefaultTestContext@2061d14f testClass = PostRepositoryTest, testInstance = [null], testMethod = [null], testException = [null], mergedContextConfiguration = [WebMergedContextConfiguration@439049d8 testClass = PostRepositoryTest, locations = '{}', classes = '{class com.been.book.springboot.Application}', contextInitializerClasses = '[]', activeProfiles = '{}', propertySourceLocations = '{}', propertySourceProperties = '{org.springframework.boot.test.context.SpringBootTestContextBootstrapper=true}', contextCustomizers = set[org.springframework.boot.test.autoconfigure.properties.PropertyMappingContextCustomizer@0, org.springframework.boot.test.autoconfigure.web.servlet.WebDriverContextCustomizerFactory$Customizer@55a2d18d, org.springframework.boot.test.context.filter.ExcludeFilterContextCustomizer@6ad6b373, org.springframework.boot.test.json.DuplicateJsonObjectContextCustomizerFactory$DuplicateJsonObjectContextCustomizer@43b8d60e, org.springframework.boot.test.mock.mockito.MockitoContextCustomizer@0, org.springframework.boot.test.web.client.TestRestTemplateContextCustomizer@511ff077], resourceBasePath = 'src/main/webapp', contextLoader = 'org.springframework.boot.test.context.SpringBootContextLoader', parent = [null]], attributes = map['org.springframework.test.context.web.ServletTestExecutionListener.activateListener' -> true]], class annotated with @DirtiesContext [false] with mode [null].
18:35:52.134 [Test worker] DEBUG org.springframework.test.annotation.ProfileValueUtils - Retrieved @ProfileValueSourceConfiguration [null] for test class [com.been.book.springboot.domain.posts.PostRepositoryTest]
18:35:52.134 [Test worker] DEBUG org.springframework.test.annotation.ProfileValueUtils - Retrieved ProfileValueSource type [class org.springframework.test.annotation.SystemProfileValueSource] for class [com.been.book.springboot.domain.posts.PostRepositoryTest]
18:35:52.176 [Test worker] DEBUG org.springframework.test.context.support.TestPropertySourceUtils - Adding inlined properties to environment: {spring.jmx.enabled=false, org.springframework.boot.test.context.SpringBootTestContextBootstrapper=true, server.port=-1}

  .   ____          _            __ _ _
 /\\ / ___'_ __ _ _(_)_ __  __ _ \ \ \ \
( ( )\___ | '_ | '_| | '_ \/ _` | \ \ \ \
 \\/  ___)| |_)| | | | | || (_| |  ) ) ) )
  '  |____| .__|_| |_|_| |_\__, | / / / /
 =========|_|==============|___/=/_/_/_/
 :: Spring Boot ::        (v2.1.7.RELEASE)

2024-10-17 18:35:52.730  INFO 11604 --- [    Test worker] c.b.b.s.domain.posts.PostRepositoryTest  : Starting PostRepositoryTest on JungBeen with PID 11604 (started by LJB in C:\Users\LJB\Desktop\bootmazon)
2024-10-17 18:35:52.732  INFO 11604 --- [    Test worker] c.b.b.s.domain.posts.PostRepositoryTest  : No active profile set, falling back to default profiles: default
2024-10-17 18:35:54.759  INFO 11604 --- [    Test worker] .s.d.r.c.RepositoryConfigurationDelegate : Bootstrapping Spring Data repositories in DEFAULT mode.
2024-10-17 18:35:54.929  INFO 11604 --- [    Test worker] .s.d.r.c.RepositoryConfigurationDelegate : Finished Spring Data repository scanning in 150ms. Found 2 repository interfaces.
2024-10-17 18:35:55.786  INFO 11604 --- [    Test worker] trationDelegate$BeanPostProcessorChecker : Bean 'org.springframework.transaction.annotation.ProxyTransactionManagementConfiguration' of type [org.springframework.transaction.annotation.ProxyTransactionManagementConfiguration$$EnhancerBySpringCGLIB$$c44da110] is not eligible for getting processed by all BeanPostProcessors (for example: not eligible for auto-proxying)
2024-10-17 18:35:56.177  INFO 11604 --- [    Test worker] com.zaxxer.hikari.HikariDataSource       : HikariPool-1 - Starting...
2024-10-17 18:35:56.486  INFO 11604 --- [    Test worker] com.zaxxer.hikari.HikariDataSource       : HikariPool-1 - Start completed.
2024-10-17 18:35:56.683  INFO 11604 --- [    Test worker] o.hibernate.jpa.internal.util.LogHelper  : HHH000204: Processing PersistenceUnitInfo [
	name: default
	...]
2024-10-17 18:35:56.864  INFO 11604 --- [    Test worker] org.hibernate.Version                    : HHH000412: Hibernate Core {5.3.10.Final}
2024-10-17 18:35:56.868  INFO 11604 --- [    Test worker] org.hibernate.cfg.Environment            : HHH000206: hibernate.properties not found
2024-10-17 18:35:57.233  INFO 11604 --- [    Test worker] o.hibernate.annotations.common.Version   : HCANN000001: Hibernate Commons Annotations {5.0.4.Final}
2024-10-17 18:35:57.628  INFO 11604 --- [    Test worker] org.hibernate.dialect.Dialect            : HHH000400: Using dialect: org.hibernate.dialect.MySQL57Dialect
Hibernate: drop table if exists posts
Hibernate: drop table if exists user
Hibernate: create table posts (id bigint not null auto_increment, created_date datetime(6), modified_date datetime(6), author varchar(255), content TEXT not null, title varchar(500) not null, primary key (id)) engine=InnoDB
Hibernate: create table user (id bigint not null auto_increment, email varchar(255) not null, name varchar(255) not null, picture varchar(255), role varchar(255) not null, primary key (id)) engine=InnoDB
2024-10-17 18:35:59.092  INFO 11604 --- [    Test worker] o.h.t.schema.internal.SchemaCreatorImpl  : HHH000476: Executing import script 'org.hibernate.tool.schema.internal.exec.ScriptSourceInputNonExistentImpl@754d5dbf'
2024-10-17 18:35:59.097  INFO 11604 --- [    Test worker] j.LocalContainerEntityManagerFactoryBean : Initialized JPA EntityManagerFactory for persistence unit 'default'
2024-10-17 18:36:00.098  INFO 11604 --- [    Test worker] o.h.h.i.QueryTranslatorFactoryInitiator  : HHH000397: Using ASTQueryTranslatorFactory
2024-10-17 18:36:01.006  INFO 11604 --- [    Test worker] o.s.s.web.DefaultSecurityFilterChain     : Creating filter chain: any request, [org.springframework.security.web.context.request.async.WebAsyncManagerIntegrationFilter@2f47b68a, org.springframework.security.web.context.SecurityContextPersistenceFilter@159b1538, org.springframework.security.web.header.HeaderWriterFilter@545f158f, org.springframework.security.web.authentication.logout.LogoutFilter@7195ba38, org.springframework.security.oauth2.client.web.OAuth2AuthorizationRequestRedirectFilter@83f00cd, org.springframework.security.oauth2.client.web.OAuth2LoginAuthenticationFilter@7476ce9, org.springframework.security.web.authentication.ui.DefaultLoginPageGeneratingFilter@59573467, org.springframework.security.web.authentication.ui.DefaultLogoutPageGeneratingFilter@5b803f30, org.springframework.security.web.savedrequest.RequestCacheAwareFilter@721fdc5f, org.springframework.security.web.servletapi.SecurityContextHolderAwareRequestFilter@188d33ab, org.springframework.security.web.authentication.AnonymousAuthenticationFilter@2ee5c0c6, org.springframework.security.web.session.SessionManagementFilter@60fc6f7, org.springframework.security.web.access.ExceptionTranslationFilter@98e357f, org.springframework.security.web.access.intercept.FilterSecurityInterceptor@3927c95b]
2024-10-17 18:36:02.254  INFO 11604 --- [    Test worker] o.s.s.concurrent.ThreadPoolTaskExecutor  : Initializing ExecutorService 'applicationTaskExecutor'
2024-10-17 18:36:02.429  WARN 11604 --- [    Test worker] aWebConfiguration$JpaWebMvcConfiguration : spring.jpa.open-in-view is enabled by default. Therefore, database queries may be performed during view rendering. Explicitly configure spring.jpa.open-in-view to disable this warning
2024-10-17 18:36:02.537  INFO 11604 --- [    Test worker] o.s.b.a.w.s.WelcomePageHandlerMapping    : Adding welcome page template: index
2024-10-17 18:36:03.555  INFO 11604 --- [    Test worker] s.a.ScheduledAnnotationBeanPostProcessor : No TaskScheduler/ScheduledExecutorService bean found for scheduled processing
2024-10-17 18:36:03.583  INFO 11604 --- [    Test worker] c.b.b.s.domain.posts.PostRepositoryTest  : Started PostRepositoryTest in 11.388 seconds (JVM running for 14.297)
Hibernate: insert into posts (created_date, modified_date, author, content, title) values (?, ?, ?, ?, ?)
Hibernate: select posts0_.id as id1_0_, posts0_.created_date as created_2_0_, posts0_.modified_date as modified3_0_, posts0_.author as author4_0_, posts0_.content as content5_0_, posts0_.title as title6_0_ from posts posts0_
Hibernate: select posts0_.id as id1_0_, posts0_.created_date as created_2_0_, posts0_.modified_date as modified3_0_, posts0_.author as author4_0_, posts0_.content as content5_0_, posts0_.title as title6_0_ from posts posts0_
Hibernate: delete from posts where id=?
Hibernate: insert into posts (created_date, modified_date, author, content, title) values (?, ?, ?, ?, ?)
Hibernate: select posts0_.id as id1_0_, posts0_.created_date as created_2_0_, posts0_.modified_date as modified3_0_, posts0_.author as author4_0_, posts0_.content as content5_0_, posts0_.title as title6_0_ from posts posts0_
>>>>>>>>>>>>> createDate = 2024-10-17T18:36:04.192848, modifiedDate = 2024-10-17T18:36:04.192848
Hibernate: select posts0_.id as id1_0_, posts0_.created_date as created_2_0_, posts0_.modified_date as modified3_0_, posts0_.author as author4_0_, posts0_.content as content5_0_, posts0_.title as title6_0_ from posts posts0_
Hibernate: delete from posts where id=?
]]></system-out>
  <system-err><![CDATA[]]></system-err>
</testsuite>
