<?xml version="1.0" encoding="UTF-8"?>
<testsuite name="com.been.book.springboot.HelloControllerTest" tests="2" skipped="0" failures="0" errors="0" timestamp="2024-10-16T09:32:11" hostname="JungBeen" time="0.252">
  <properties/>
  <testcase name="hello가_리턴된다" classname="com.been.book.springboot.HelloControllerTest" time="0.106"/>
  <testcase name="helloDto가_리턴된다" classname="com.been.book.springboot.HelloControllerTest" time="0.144"/>
  <system-out><![CDATA[2024-10-16 18:32:09.270  INFO 15928 --- [    Test worker] .b.t.a.w.s.WebMvcTestContextBootstrapper : Neither @ContextConfiguration nor @ContextHierarchy found for test class [com.been.book.springboot.HelloControllerTest], using SpringBootContextLoader
2024-10-16 18:32:09.272  INFO 15928 --- [    Test worker] o.s.t.c.support.AbstractContextLoader    : Could not detect default resource locations for test class [com.been.book.springboot.HelloControllerTest]: no resource found for suffixes {-context.xml, Context.groovy}.
2024-10-16 18:32:09.272  INFO 15928 --- [    Test worker] t.c.s.AnnotationConfigContextLoaderUtils : Could not detect default configuration classes for test class [com.been.book.springboot.HelloControllerTest]: HelloControllerTest does not declare any static, non-private, non-final, nested classes annotated with @Configuration.
2024-10-16 18:32:09.309  INFO 15928 --- [    Test worker] .b.t.c.SpringBootTestContextBootstrapper : Found @SpringBootConfiguration com.been.book.springboot.Application for test class com.been.book.springboot.HelloControllerTest
2024-10-16 18:32:09.317  INFO 15928 --- [    Test worker] .b.t.a.w.s.WebMvcTestContextBootstrapper : Loaded default TestExecutionListener class names from location [META-INF/spring.factories]: [org.springframework.security.test.context.support.WithSecurityContextTestExecutionListener, org.springframework.security.test.context.support.ReactorContextTestExecutionListener, org.springframework.boot.test.autoconfigure.restdocs.RestDocsTestExecutionListener, org.springframework.boot.test.autoconfigure.web.client.MockRestServiceServerResetTestExecutionListener, org.springframework.boot.test.autoconfigure.web.servlet.MockMvcPrintOnlyOnFailureTestExecutionListener, org.springframework.boot.test.autoconfigure.web.servlet.WebDriverTestExecutionListener, org.springframework.boot.test.mock.mockito.MockitoTestExecutionListener, org.springframework.boot.test.mock.mockito.ResetMocksTestExecutionListener, org.springframework.test.context.web.ServletTestExecutionListener, org.springframework.test.context.support.DirtiesContextBeforeModesTestExecutionListener, org.springframework.test.context.support.DependencyInjectionTestExecutionListener, org.springframework.test.context.support.DirtiesContextTestExecutionListener, org.springframework.test.context.transaction.TransactionalTestExecutionListener, org.springframework.test.context.jdbc.SqlScriptsTestExecutionListener]
2024-10-16 18:32:09.327  INFO 15928 --- [    Test worker] .b.t.a.w.s.WebMvcTestContextBootstrapper : Using TestExecutionListeners: [org.springframework.test.context.web.ServletTestExecutionListener@749d4231, org.springframework.test.context.support.DirtiesContextBeforeModesTestExecutionListener@150d4a89, org.springframework.boot.test.mock.mockito.MockitoTestExecutionListener@3eaa64ad, org.springframework.boot.test.autoconfigure.SpringBootDependencyInjectionTestExecutionListener@134ddfaa, org.springframework.test.context.support.DirtiesContextTestExecutionListener@ddf8b38, org.springframework.test.context.transaction.TransactionalTestExecutionListener@72f9c108, org.springframework.test.context.jdbc.SqlScriptsTestExecutionListener@1f1b5cf6, org.springframework.security.test.context.support.WithSecurityContextTestExecutionListener@62567030, org.springframework.security.test.context.support.ReactorContextTestExecutionListener@13a1b109, org.springframework.boot.test.autoconfigure.restdocs.RestDocsTestExecutionListener@2f6cc3f4, org.springframework.boot.test.autoconfigure.web.client.MockRestServiceServerResetTestExecutionListener@6ad5d603, org.springframework.boot.test.autoconfigure.web.servlet.MockMvcPrintOnlyOnFailureTestExecutionListener@3bd3fc99, org.springframework.boot.test.autoconfigure.web.servlet.WebDriverTestExecutionListener@25e43b13, org.springframework.boot.test.mock.mockito.ResetMocksTestExecutionListener@6cde3f38]

  .   ____          _            __ _ _
 /\\ / ___'_ __ _ _(_)_ __  __ _ \ \ \ \
( ( )\___ | '_ | '_| | '_ \/ _` | \ \ \ \
 \\/  ___)| |_)| | | | | || (_| |  ) ) ) )
  '  |____| .__|_| |_|_| |_\__, | / / / /
 =========|_|==============|___/=/_/_/_/
 :: Spring Boot ::        (v2.1.7.RELEASE)

2024-10-16 18:32:09.439  INFO 15928 --- [    Test worker] c.b.book.springboot.HelloControllerTest  : Starting HelloControllerTest on JungBeen with PID 15928 (started by LJB in C:\Users\LJB\Desktop\bootmazon)
2024-10-16 18:32:09.441  INFO 15928 --- [    Test worker] c.b.book.springboot.HelloControllerTest  : No active profile set, falling back to default profiles: default
2024-10-16 18:32:10.281  INFO 15928 --- [    Test worker] o.s.s.concurrent.ThreadPoolTaskExecutor  : Initializing ExecutorService 'applicationTaskExecutor'
2024-10-16 18:32:10.348  INFO 15928 --- [    Test worker] o.s.b.a.w.s.WelcomePageHandlerMapping    : Adding welcome page template: index
2024-10-16 18:32:10.720  INFO 15928 --- [    Test worker] .s.s.UserDetailsServiceAutoConfiguration : 

Using generated security password: a6aa4a0e-b11a-4a2b-b750-5bc6ed346f29

2024-10-16 18:32:10.990  INFO 15928 --- [    Test worker] o.s.s.web.DefaultSecurityFilterChain     : Creating filter chain: any request, [org.springframework.security.web.context.request.async.WebAsyncManagerIntegrationFilter@25efff7f, org.springframework.security.web.context.SecurityContextPersistenceFilter@5f64c40e, org.springframework.security.web.header.HeaderWriterFilter@78f65df4, org.springframework.security.web.csrf.CsrfFilter@13fbbc4c, org.springframework.security.web.authentication.logout.LogoutFilter@2f08d2e9, org.springframework.security.web.authentication.UsernamePasswordAuthenticationFilter@1c52ef32, org.springframework.security.web.authentication.ui.DefaultLoginPageGeneratingFilter@3a07c01, org.springframework.security.web.authentication.ui.DefaultLogoutPageGeneratingFilter@569930bf, org.springframework.security.web.authentication.www.BasicAuthenticationFilter@7696f53e, org.springframework.security.web.savedrequest.RequestCacheAwareFilter@73535c6f, org.springframework.security.web.servletapi.SecurityContextHolderAwareRequestFilter@3980b60c, org.springframework.security.web.authentication.AnonymousAuthenticationFilter@17670057, org.springframework.security.web.session.SessionManagementFilter@3621977a, org.springframework.security.web.access.ExceptionTranslationFilter@711ba005, org.springframework.security.web.access.intercept.FilterSecurityInterceptor@b610a2d]
2024-10-16 18:32:11.047  INFO 15928 --- [    Test worker] o.s.b.t.m.w.SpringBootMockServletContext : Initializing Spring TestDispatcherServlet ''
2024-10-16 18:32:11.047  INFO 15928 --- [    Test worker] o.s.t.web.servlet.TestDispatcherServlet  : Initializing Servlet ''
2024-10-16 18:32:11.076  INFO 15928 --- [    Test worker] o.s.t.web.servlet.TestDispatcherServlet  : Completed initialization in 29 ms
2024-10-16 18:32:11.132  INFO 15928 --- [    Test worker] c.b.book.springboot.HelloControllerTest  : Started HelloControllerTest in 1.794 seconds (JVM running for 16.243)
]]></system-out>
  <system-err><![CDATA[]]></system-err>
</testsuite>
