<?xml version="1.0" encoding="UTF-8"?>
<testsuite name="com.been.book.springboot.domain.posts.PostRepositoryTest" tests="2" skipped="0" failures="0" errors="0" timestamp="2024-10-16T09:32:08" hostname="JungBeen" time="0.603">
  <properties/>
  <testcase name="게시글저장_불러오기" classname="com.been.book.springboot.domain.posts.PostRepositoryTest" time="0.494"/>
  <testcase name="BaseTimeEntity_등록" classname="com.been.book.springboot.domain.posts.PostRepositoryTest" time="0.108"/>
  <system-out><![CDATA[18:31:56.650 [Test worker] DEBUG org.springframework.test.context.junit4.SpringJUnit4ClassRunner - SpringJUnit4ClassRunner constructor called with [class com.been.book.springboot.domain.posts.PostRepositoryTest]
18:31:56.664 [Test worker] DEBUG org.springframework.test.context.BootstrapUtils - Instantiating CacheAwareContextLoaderDelegate from class [org.springframework.test.context.cache.DefaultCacheAwareContextLoaderDelegate]
18:31:56.685 [Test worker] DEBUG org.springframework.test.context.BootstrapUtils - Instantiating BootstrapContext using constructor [public org.springframework.test.context.support.DefaultBootstrapContext(java.lang.Class,org.springframework.test.context.CacheAwareContextLoaderDelegate)]
18:31:56.738 [Test worker] DEBUG org.springframework.test.context.BootstrapUtils - Instantiating TestContextBootstrapper for test class [com.been.book.springboot.domain.posts.PostRepositoryTest] from class [org.springframework.boot.test.context.SpringBootTestContextBootstrapper]
18:31:56.789 [Test worker] INFO org.springframework.boot.test.context.SpringBootTestContextBootstrapper - Neither @ContextConfiguration nor @ContextHierarchy found for test class [com.been.book.springboot.domain.posts.PostRepositoryTest], using SpringBootContextLoader
18:31:56.800 [Test worker] DEBUG org.springframework.test.context.support.AbstractContextLoader - Did not detect default resource location for test class [com.been.book.springboot.domain.posts.PostRepositoryTest]: class path resource [com/been/book/springboot/domain/posts/PostRepositoryTest-context.xml] does not exist
18:31:56.805 [Test worker] DEBUG org.springframework.test.context.support.AbstractContextLoader - Did not detect default resource location for test class [com.been.book.springboot.domain.posts.PostRepositoryTest]: class path resource [com/been/book/springboot/domain/posts/PostRepositoryTestContext.groovy] does not exist
18:31:56.806 [Test worker] INFO org.springframework.test.context.support.AbstractContextLoader - Could not detect default resource locations for test class [com.been.book.springboot.domain.posts.PostRepositoryTest]: no resource found for suffixes {-context.xml, Context.groovy}.
18:31:56.810 [Test worker] INFO org.springframework.test.context.support.AnnotationConfigContextLoaderUtils - Could not detect default configuration classes for test class [com.been.book.springboot.domain.posts.PostRepositoryTest]: PostRepositoryTest does not declare any static, non-private, non-final, nested classes annotated with @Configuration.
18:31:56.940 [Test worker] DEBUG org.springframework.test.context.support.ActiveProfilesUtils - Could not find an 'annotation declaring class' for annotation type [org.springframework.test.context.ActiveProfiles] and class [com.been.book.springboot.domain.posts.PostRepositoryTest]
18:31:57.196 [Test worker] DEBUG org.springframework.context.annotation.ClassPathScanningCandidateComponentProvider - Identified candidate component class: file [C:\Users\LJB\Desktop\bootmazon\build\classes\java\main\com\been\book\springboot\Application.class]
18:31:57.199 [Test worker] INFO org.springframework.boot.test.context.SpringBootTestContextBootstrapper - Found @SpringBootConfiguration com.been.book.springboot.Application for test class com.been.book.springboot.domain.posts.PostRepositoryTest
18:31:57.406 [Test worker] DEBUG org.springframework.boot.test.context.SpringBootTestContextBootstrapper - @TestExecutionListeners is not present for class [com.been.book.springboot.domain.posts.PostRepositoryTest]: using defaults.
18:31:57.408 [Test worker] INFO org.springframework.boot.test.context.SpringBootTestContextBootstrapper - Loaded default TestExecutionListener class names from location [META-INF/spring.factories]: [org.springframework.security.test.context.support.WithSecurityContextTestExecutionListener, org.springframework.security.test.context.support.ReactorContextTestExecutionListener, org.springframework.boot.test.autoconfigure.restdocs.RestDocsTestExecutionListener, org.springframework.boot.test.autoconfigure.web.client.MockRestServiceServerResetTestExecutionListener, org.springframework.boot.test.autoconfigure.web.servlet.MockMvcPrintOnlyOnFailureTestExecutionListener, org.springframework.boot.test.autoconfigure.web.servlet.WebDriverTestExecutionListener, org.springframework.boot.test.mock.mockito.MockitoTestExecutionListener, org.springframework.boot.test.mock.mockito.ResetMocksTestExecutionListener, org.springframework.test.context.web.ServletTestExecutionListener, org.springframework.test.context.support.DirtiesContextBeforeModesTestExecutionListener, org.springframework.test.context.support.DependencyInjectionTestExecutionListener, org.springframework.test.context.support.DirtiesContextTestExecutionListener, org.springframework.test.context.transaction.TransactionalTestExecutionListener, org.springframework.test.context.jdbc.SqlScriptsTestExecutionListener]
18:31:57.445 [Test worker] INFO org.springframework.boot.test.context.SpringBootTestContextBootstrapper - Using TestExecutionListeners: [org.springframework.test.context.web.ServletTestExecutionListener@59d42c9a, org.springframework.test.context.support.DirtiesContextBeforeModesTestExecutionListener@76f11f65, org.springframework.boot.test.mock.mockito.MockitoTestExecutionListener@1efd379, org.springframework.boot.test.autoconfigure.SpringBootDependencyInjectionTestExecutionListener@689f827f, org.springframework.test.context.support.DirtiesContextTestExecutionListener@10d7d30a, org.springframework.test.context.transaction.TransactionalTestExecutionListener@6e23ec42, org.springframework.test.context.jdbc.SqlScriptsTestExecutionListener@11a89ee4, org.springframework.security.test.context.support.WithSecurityContextTestExecutionListener@5306ad4, org.springframework.security.test.context.support.ReactorContextTestExecutionListener@2bd1a6fb, org.springframework.boot.test.autoconfigure.restdocs.RestDocsTestExecutionListener@5a610e3f, org.springframework.boot.test.autoconfigure.web.client.MockRestServiceServerResetTestExecutionListener@f6be429, org.springframework.boot.test.autoconfigure.web.servlet.MockMvcPrintOnlyOnFailureTestExecutionListener@98b49da, org.springframework.boot.test.autoconfigure.web.servlet.WebDriverTestExecutionListener@2f4bc06e, org.springframework.boot.test.mock.mockito.ResetMocksTestExecutionListener@7d09334e]
18:31:57.451 [Test worker] DEBUG org.springframework.test.annotation.ProfileValueUtils - Retrieved @ProfileValueSourceConfiguration [null] for test class [com.been.book.springboot.domain.posts.PostRepositoryTest]
18:31:57.453 [Test worker] DEBUG org.springframework.test.annotation.ProfileValueUtils - Retrieved ProfileValueSource type [class org.springframework.test.annotation.SystemProfileValueSource] for class [com.been.book.springboot.domain.posts.PostRepositoryTest]
18:31:57.454 [Test worker] DEBUG org.springframework.test.annotation.ProfileValueUtils - Retrieved @ProfileValueSourceConfiguration [null] for test class [com.been.book.springboot.domain.posts.PostRepositoryTest]
18:31:57.454 [Test worker] DEBUG org.springframework.test.annotation.ProfileValueUtils - Retrieved ProfileValueSource type [class org.springframework.test.annotation.SystemProfileValueSource] for class [com.been.book.springboot.domain.posts.PostRepositoryTest]
18:31:57.464 [Test worker] DEBUG org.springframework.test.context.support.AbstractDirtiesContextTestExecutionListener - Before test class: context [DefaultTestContext@f077eea testClass = PostRepositoryTest, testInstance = [null], testMethod = [null], testException = [null], mergedContextConfiguration = [WebMergedContextConfiguration@6ad13bdb testClass = PostRepositoryTest, locations = '{}', classes = '{class com.been.book.springboot.Application}', contextInitializerClasses = '[]', activeProfiles = '{}', propertySourceLocations = '{}', propertySourceProperties = '{org.springframework.boot.test.context.SpringBootTestContextBootstrapper=true}', contextCustomizers = set[org.springframework.boot.test.autoconfigure.properties.PropertyMappingContextCustomizer@0, org.springframework.boot.test.autoconfigure.web.servlet.WebDriverContextCustomizerFactory$Customizer@2fa0e8e0, org.springframework.boot.test.context.filter.ExcludeFilterContextCustomizer@7b1c6596, org.springframework.boot.test.json.DuplicateJsonObjectContextCustomizerFactory$DuplicateJsonObjectContextCustomizer@69b93299, org.springframework.boot.test.mock.mockito.MockitoContextCustomizer@0, org.springframework.boot.test.web.client.TestRestTemplateContextCustomizer@22df4bb0], resourceBasePath = 'src/main/webapp', contextLoader = 'org.springframework.boot.test.context.SpringBootContextLoader', parent = [null]], attributes = map['org.springframework.test.context.web.ServletTestExecutionListener.activateListener' -> true]], class annotated with @DirtiesContext [false] with mode [null].
18:31:57.465 [Test worker] DEBUG org.springframework.test.annotation.ProfileValueUtils - Retrieved @ProfileValueSourceConfiguration [null] for test class [com.been.book.springboot.domain.posts.PostRepositoryTest]
18:31:57.465 [Test worker] DEBUG org.springframework.test.annotation.ProfileValueUtils - Retrieved ProfileValueSource type [class org.springframework.test.annotation.SystemProfileValueSource] for class [com.been.book.springboot.domain.posts.PostRepositoryTest]
18:31:57.499 [Test worker] DEBUG org.springframework.test.context.support.TestPropertySourceUtils - Adding inlined properties to environment: {spring.jmx.enabled=false, org.springframework.boot.test.context.SpringBootTestContextBootstrapper=true, server.port=-1}

  .   ____          _            __ _ _
 /\\ / ___'_ __ _ _(_)_ __  __ _ \ \ \ \
( ( )\___ | '_ | '_| | '_ \/ _` | \ \ \ \
 \\/  ___)| |_)| | | | | || (_| |  ) ) ) )
  '  |____| .__|_| |_|_| |_\__, | / / / /
 =========|_|==============|___/=/_/_/_/
 :: Spring Boot ::        (v2.1.7.RELEASE)

2024-10-16 18:31:58.050  INFO 15928 --- [    Test worker] c.b.b.s.domain.posts.PostRepositoryTest  : Starting PostRepositoryTest on JungBeen with PID 15928 (started by LJB in C:\Users\LJB\Desktop\bootmazon)
2024-10-16 18:31:58.057  INFO 15928 --- [    Test worker] c.b.b.s.domain.posts.PostRepositoryTest  : No active profile set, falling back to default profiles: default
2024-10-16 18:31:59.992  INFO 15928 --- [    Test worker] .s.d.r.c.RepositoryConfigurationDelegate : Bootstrapping Spring Data repositories in DEFAULT mode.
2024-10-16 18:32:00.132  INFO 15928 --- [    Test worker] .s.d.r.c.RepositoryConfigurationDelegate : Finished Spring Data repository scanning in 125ms. Found 2 repository interfaces.
2024-10-16 18:32:00.989  INFO 15928 --- [    Test worker] trationDelegate$BeanPostProcessorChecker : Bean 'org.springframework.transaction.annotation.ProxyTransactionManagementConfiguration' of type [org.springframework.transaction.annotation.ProxyTransactionManagementConfiguration$$EnhancerBySpringCGLIB$$9d267301] is not eligible for getting processed by all BeanPostProcessors (for example: not eligible for auto-proxying)
2024-10-16 18:32:01.375  INFO 15928 --- [    Test worker] com.zaxxer.hikari.HikariDataSource       : HikariPool-1 - Starting...
2024-10-16 18:32:01.680  INFO 15928 --- [    Test worker] com.zaxxer.hikari.HikariDataSource       : HikariPool-1 - Start completed.
2024-10-16 18:32:01.875  INFO 15928 --- [    Test worker] o.hibernate.jpa.internal.util.LogHelper  : HHH000204: Processing PersistenceUnitInfo [
	name: default
	...]
2024-10-16 18:32:02.028  INFO 15928 --- [    Test worker] org.hibernate.Version                    : HHH000412: Hibernate Core {5.3.10.Final}
2024-10-16 18:32:02.032  INFO 15928 --- [    Test worker] org.hibernate.cfg.Environment            : HHH000206: hibernate.properties not found
2024-10-16 18:32:02.386  INFO 15928 --- [    Test worker] o.hibernate.annotations.common.Version   : HCANN000001: Hibernate Commons Annotations {5.0.4.Final}
2024-10-16 18:32:02.786  INFO 15928 --- [    Test worker] org.hibernate.dialect.Dialect            : HHH000400: Using dialect: org.hibernate.dialect.MySQL57Dialect
Hibernate: drop table if exists posts
Hibernate: drop table if exists user
Hibernate: create table posts (id bigint not null auto_increment, created_date datetime(6), modified_date datetime(6), author varchar(255), content TEXT not null, title varchar(500) not null, primary key (id)) engine=InnoDB
Hibernate: create table user (id bigint not null auto_increment, email varchar(255) not null, name varchar(255) not null, picture varchar(255), role varchar(255) not null, primary key (id)) engine=InnoDB
2024-10-16 18:32:03.857  INFO 15928 --- [    Test worker] o.h.t.schema.internal.SchemaCreatorImpl  : HHH000476: Executing import script 'org.hibernate.tool.schema.internal.exec.ScriptSourceInputNonExistentImpl@55214826'
2024-10-16 18:32:03.863  INFO 15928 --- [    Test worker] j.LocalContainerEntityManagerFactoryBean : Initialized JPA EntityManagerFactory for persistence unit 'default'
2024-10-16 18:32:05.362  INFO 15928 --- [    Test worker] o.h.h.i.QueryTranslatorFactoryInitiator  : HHH000397: Using ASTQueryTranslatorFactory
2024-10-16 18:32:06.307  INFO 15928 --- [    Test worker] o.s.s.web.DefaultSecurityFilterChain     : Creating filter chain: any request, [org.springframework.security.web.context.request.async.WebAsyncManagerIntegrationFilter@6c7b4a1c, org.springframework.security.web.context.SecurityContextPersistenceFilter@51d11d12, org.springframework.security.web.header.HeaderWriterFilter@6472e12d, org.springframework.security.web.authentication.logout.LogoutFilter@5b7c4fee, org.springframework.security.oauth2.client.web.OAuth2AuthorizationRequestRedirectFilter@411951df, org.springframework.security.oauth2.client.web.OAuth2LoginAuthenticationFilter@6e8978af, org.springframework.security.web.authentication.ui.DefaultLoginPageGeneratingFilter@723c8a05, org.springframework.security.web.authentication.ui.DefaultLogoutPageGeneratingFilter@6355569c, org.springframework.security.web.savedrequest.RequestCacheAwareFilter@75104691, org.springframework.security.web.servletapi.SecurityContextHolderAwareRequestFilter@7e49a1b7, org.springframework.security.web.authentication.AnonymousAuthenticationFilter@56f7829a, org.springframework.security.web.session.SessionManagementFilter@5498b255, org.springframework.security.web.access.ExceptionTranslationFilter@1bae150b, org.springframework.security.web.access.intercept.FilterSecurityInterceptor@6c832f3b]
2024-10-16 18:32:07.396  INFO 15928 --- [    Test worker] o.s.s.concurrent.ThreadPoolTaskExecutor  : Initializing ExecutorService 'applicationTaskExecutor'
2024-10-16 18:32:07.508  WARN 15928 --- [    Test worker] aWebConfiguration$JpaWebMvcConfiguration : spring.jpa.open-in-view is enabled by default. Therefore, database queries may be performed during view rendering. Explicitly configure spring.jpa.open-in-view to disable this warning
2024-10-16 18:32:07.602  INFO 15928 --- [    Test worker] o.s.b.a.w.s.WelcomePageHandlerMapping    : Adding welcome page template: index
2024-10-16 18:32:08.602  INFO 15928 --- [    Test worker] s.a.ScheduledAnnotationBeanPostProcessor : No TaskScheduler/ScheduledExecutorService bean found for scheduled processing
2024-10-16 18:32:08.624  INFO 15928 --- [    Test worker] c.b.b.s.domain.posts.PostRepositoryTest  : Started PostRepositoryTest in 11.108 seconds (JVM running for 13.735)
Hibernate: insert into posts (created_date, modified_date, author, content, title) values (?, ?, ?, ?, ?)
Hibernate: select posts0_.id as id1_0_, posts0_.created_date as created_2_0_, posts0_.modified_date as modified3_0_, posts0_.author as author4_0_, posts0_.content as content5_0_, posts0_.title as title6_0_ from posts posts0_
Hibernate: select posts0_.id as id1_0_, posts0_.created_date as created_2_0_, posts0_.modified_date as modified3_0_, posts0_.author as author4_0_, posts0_.content as content5_0_, posts0_.title as title6_0_ from posts posts0_
Hibernate: delete from posts where id=?
Hibernate: insert into posts (created_date, modified_date, author, content, title) values (?, ?, ?, ?, ?)
Hibernate: select posts0_.id as id1_0_, posts0_.created_date as created_2_0_, posts0_.modified_date as modified3_0_, posts0_.author as author4_0_, posts0_.content as content5_0_, posts0_.title as title6_0_ from posts posts0_
>>>>>>>>>>>>> createDate = 2024-10-16T18:32:09.153211, modifiedDate = 2024-10-16T18:32:09.153211
Hibernate: select posts0_.id as id1_0_, posts0_.created_date as created_2_0_, posts0_.modified_date as modified3_0_, posts0_.author as author4_0_, posts0_.content as content5_0_, posts0_.title as title6_0_ from posts posts0_
Hibernate: delete from posts where id=?
]]></system-out>
  <system-err><![CDATA[]]></system-err>
</testsuite>
