<?xml version="1.0" encoding="UTF-8"?>
<testsuite name="com.been.book.springboot.web.ProfileControllerUnitTest" tests="3" skipped="0" failures="0" errors="0" timestamp="2024-10-24T09:09:51" hostname="JungBeen" time="0.303">
  <properties/>
  <testcase name="real_profile이_없으면_첫_번째가_조회된다" classname="com.been.book.springboot.web.ProfileControllerUnitTest" time="0.3"/>
  <testcase name="active_profile이_없으면_default가_조회된다" classname="com.been.book.springboot.web.ProfileControllerUnitTest" time="0.0"/>
  <testcase name="real_profile이_조회된다" classname="com.been.book.springboot.web.ProfileControllerUnitTest" time="0.001"/>
  <system-out><![CDATA[18:09:51.647 [Test worker] DEBUG org.springframework.mock.env.MockEnvironment - Activating profile 'oauth'
18:09:51.654 [Test worker] DEBUG org.springframework.mock.env.MockEnvironment - Activating profile 'real-db'
18:09:51.764 [Test worker] DEBUG org.springframework.mock.env.MockEnvironment - Activating profile 'real'
18:09:51.764 [Test worker] DEBUG org.springframework.mock.env.MockEnvironment - Activating profile 'oauth'
18:09:51.764 [Test worker] DEBUG org.springframework.mock.env.MockEnvironment - Activating profile 'real-db'
]]></system-out>
  <system-err><![CDATA[]]></system-err>
</testsuite>
