<?xml version="1.0" encoding="UTF-8"?>
<testsuite name="com.been.book.springboot.HelloControllerTest" tests="2" skipped="0" failures="0" errors="0" timestamp="2024-10-10T08:36:35" hostname="JungBeen" time="0.459">
  <properties/>
  <testcase name="hello가_리턴된다" classname="com.been.book.springboot.HelloControllerTest" time="0.178"/>
  <testcase name="helloDto가_리턴된다" classname="com.been.book.springboot.HelloControllerTest" time="0.277"/>
  <system-out><![CDATA[2024-10-10 17:36:32.539  INFO 19728 --- [    Test worker] .b.t.a.w.s.WebMvcTestContextBootstrapper : Neither @ContextConfiguration nor @ContextHierarchy found for test class [com.been.book.springboot.HelloControllerTest], using SpringBootContextLoader
2024-10-10 17:36:32.546  INFO 19728 --- [    Test worker] o.s.t.c.support.AbstractContextLoader    : Could not detect default resource locations for test class [com.been.book.springboot.HelloControllerTest]: no resource found for suffixes {-context.xml, Context.groovy}.
2024-10-10 17:36:32.547  INFO 19728 --- [    Test worker] t.c.s.AnnotationConfigContextLoaderUtils : Could not detect default configuration classes for test class [com.been.book.springboot.HelloControllerTest]: HelloControllerTest does not declare any static, non-private, non-final, nested classes annotated with @Configuration.
2024-10-10 17:36:32.591  INFO 19728 --- [    Test worker] .b.t.c.SpringBootTestContextBootstrapper : Found @SpringBootConfiguration com.been.book.springboot.Application for test class com.been.book.springboot.HelloControllerTest
2024-10-10 17:36:32.592  INFO 19728 --- [    Test worker] .b.t.a.w.s.WebMvcTestContextBootstrapper : Loaded default TestExecutionListener class names from location [META-INF/spring.factories]: [org.springframework.security.test.context.support.WithSecurityContextTestExecutionListener, org.springframework.security.test.context.support.ReactorContextTestExecutionListener, org.springframework.boot.test.autoconfigure.restdocs.RestDocsTestExecutionListener, org.springframework.boot.test.autoconfigure.web.client.MockRestServiceServerResetTestExecutionListener, org.springframework.boot.test.autoconfigure.web.servlet.MockMvcPrintOnlyOnFailureTestExecutionListener, org.springframework.boot.test.autoconfigure.web.servlet.WebDriverTestExecutionListener, org.springframework.boot.test.mock.mockito.MockitoTestExecutionListener, org.springframework.boot.test.mock.mockito.ResetMocksTestExecutionListener, org.springframework.test.context.web.ServletTestExecutionListener, org.springframework.test.context.support.DirtiesContextBeforeModesTestExecutionListener, org.springframework.test.context.support.DependencyInjectionTestExecutionListener, org.springframework.test.context.support.DirtiesContextTestExecutionListener, org.springframework.test.context.transaction.TransactionalTestExecutionListener, org.springframework.test.context.jdbc.SqlScriptsTestExecutionListener]
2024-10-10 17:36:32.593  INFO 19728 --- [    Test worker] .b.t.a.w.s.WebMvcTestContextBootstrapper : Using TestExecutionListeners: [org.springframework.test.context.web.ServletTestExecutionListener@c40708d, org.springframework.test.context.support.DirtiesContextBeforeModesTestExecutionListener@61a32801, org.springframework.boot.test.mock.mockito.MockitoTestExecutionListener@7f15b210, org.springframework.boot.test.autoconfigure.SpringBootDependencyInjectionTestExecutionListener@5e1c199f, org.springframework.test.context.support.DirtiesContextTestExecutionListener@5157dec9, org.springframework.test.context.transaction.TransactionalTestExecutionListener@29cc17c2, org.springframework.test.context.jdbc.SqlScriptsTestExecutionListener@7b9ba5d9, org.springframework.security.test.context.support.WithSecurityContextTestExecutionListener@45758bd4, org.springframework.security.test.context.support.ReactorContextTestExecutionListener@2a3ba425, org.springframework.boot.test.autoconfigure.restdocs.RestDocsTestExecutionListener@6300d4a7, org.springframework.boot.test.autoconfigure.web.client.MockRestServiceServerResetTestExecutionListener@45930073, org.springframework.boot.test.autoconfigure.web.servlet.MockMvcPrintOnlyOnFailureTestExecutionListener@2cd1083e, org.springframework.boot.test.autoconfigure.web.servlet.WebDriverTestExecutionListener@5b3c9b0d, org.springframework.boot.test.mock.mockito.ResetMocksTestExecutionListener@3efcc921]

  .   ____          _            __ _ _
 /\\ / ___'_ __ _ _(_)_ __  __ _ \ \ \ \
( ( )\___ | '_ | '_| | '_ \/ _` | \ \ \ \
 \\/  ___)| |_)| | | | | || (_| |  ) ) ) )
  '  |____| .__|_| |_|_| |_\__, | / / / /
 =========|_|==============|___/=/_/_/_/
 :: Spring Boot ::        (v2.1.7.RELEASE)

2024-10-10 17:36:32.710  INFO 19728 --- [    Test worker] c.b.book.springboot.HelloControllerTest  : Starting HelloControllerTest on JungBeen with PID 19728 (started by LJB in C:\Users\LJB\Desktop\bootmazon)
2024-10-10 17:36:32.712  INFO 19728 --- [    Test worker] c.b.book.springboot.HelloControllerTest  : No active profile set, falling back to default profiles: default
2024-10-10 17:36:33.749  INFO 19728 --- [    Test worker] o.s.s.concurrent.ThreadPoolTaskExecutor  : Initializing ExecutorService 'applicationTaskExecutor'
2024-10-10 17:36:33.896  INFO 19728 --- [    Test worker] o.s.b.a.w.s.WelcomePageHandlerMapping    : Adding welcome page template: index
2024-10-10 17:36:34.914  INFO 19728 --- [    Test worker] .s.s.UserDetailsServiceAutoConfiguration : 

Using generated security password: 527aa33b-478b-49f0-abab-2c206e059e18

2024-10-10 17:36:35.448  INFO 19728 --- [    Test worker] o.s.s.web.DefaultSecurityFilterChain     : Creating filter chain: any request, [org.springframework.security.web.context.request.async.WebAsyncManagerIntegrationFilter@7d7dfb82, org.springframework.security.web.context.SecurityContextPersistenceFilter@b265d2, org.springframework.security.web.header.HeaderWriterFilter@77db4363, org.springframework.security.web.csrf.CsrfFilter@2071dd7a, org.springframework.security.web.authentication.logout.LogoutFilter@271e7111, org.springframework.security.web.authentication.UsernamePasswordAuthenticationFilter@4355efce, org.springframework.security.web.authentication.ui.DefaultLoginPageGeneratingFilter@751b6764, org.springframework.security.web.authentication.ui.DefaultLogoutPageGeneratingFilter@3230285, org.springframework.security.web.authentication.www.BasicAuthenticationFilter@fd41e4d, org.springframework.security.web.savedrequest.RequestCacheAwareFilter@7f69f3bc, org.springframework.security.web.servletapi.SecurityContextHolderAwareRequestFilter@52846769, org.springframework.security.web.authentication.AnonymousAuthenticationFilter@2c2a42da, org.springframework.security.web.session.SessionManagementFilter@59efcaef, org.springframework.security.web.access.ExceptionTranslationFilter@4cb6624a, org.springframework.security.web.access.intercept.FilterSecurityInterceptor@4a5aeade]
2024-10-10 17:36:35.633  INFO 19728 --- [    Test worker] o.s.b.t.m.w.SpringBootMockServletContext : Initializing Spring TestDispatcherServlet ''
2024-10-10 17:36:35.634  INFO 19728 --- [    Test worker] o.s.t.web.servlet.TestDispatcherServlet  : Initializing Servlet ''
2024-10-10 17:36:35.700  INFO 19728 --- [    Test worker] o.s.t.web.servlet.TestDispatcherServlet  : Completed initialization in 64 ms
2024-10-10 17:36:35.827  INFO 19728 --- [    Test worker] c.b.book.springboot.HelloControllerTest  : Started HelloControllerTest in 3.223 seconds (JVM running for 18.965)
]]></system-out>
  <system-err><![CDATA[]]></system-err>
</testsuite>
