<?xml version="1.0" encoding="UTF-8"?>
<testsuite name="com.been.book.springboot.HelloControllerTest" tests="2" skipped="0" failures="0" errors="0" timestamp="2024-10-22T09:26:01" hostname="JungBeen" time="0.371">
  <properties/>
  <testcase name="hello가_리턴된다" classname="com.been.book.springboot.HelloControllerTest" time="0.169"/>
  <testcase name="helloDto가_리턴된다" classname="com.been.book.springboot.HelloControllerTest" time="0.201"/>
  <system-out><![CDATA[2024-10-22 18:25:59.719  INFO 3440 --- [    Test worker] .b.t.a.w.s.WebMvcTestContextBootstrapper : Neither @ContextConfiguration nor @ContextHierarchy found for test class [com.been.book.springboot.HelloControllerTest], using SpringBootContextLoader
2024-10-22 18:25:59.721  INFO 3440 --- [    Test worker] o.s.t.c.support.AbstractContextLoader    : Could not detect default resource locations for test class [com.been.book.springboot.HelloControllerTest]: no resource found for suffixes {-context.xml, Context.groovy}.
2024-10-22 18:25:59.722  INFO 3440 --- [    Test worker] t.c.s.AnnotationConfigContextLoaderUtils : Could not detect default configuration classes for test class [com.been.book.springboot.HelloControllerTest]: HelloControllerTest does not declare any static, non-private, non-final, nested classes annotated with @Configuration.
2024-10-22 18:25:59.766  INFO 3440 --- [    Test worker] .b.t.c.SpringBootTestContextBootstrapper : Found @SpringBootConfiguration com.been.book.springboot.Application for test class com.been.book.springboot.HelloControllerTest
2024-10-22 18:25:59.768  INFO 3440 --- [    Test worker] .b.t.a.w.s.WebMvcTestContextBootstrapper : Loaded default TestExecutionListener class names from location [META-INF/spring.factories]: [org.springframework.security.test.context.support.WithSecurityContextTestExecutionListener, org.springframework.security.test.context.support.ReactorContextTestExecutionListener, org.springframework.boot.test.autoconfigure.restdocs.RestDocsTestExecutionListener, org.springframework.boot.test.autoconfigure.web.client.MockRestServiceServerResetTestExecutionListener, org.springframework.boot.test.autoconfigure.web.servlet.MockMvcPrintOnlyOnFailureTestExecutionListener, org.springframework.boot.test.autoconfigure.web.servlet.WebDriverTestExecutionListener, org.springframework.boot.test.mock.mockito.MockitoTestExecutionListener, org.springframework.boot.test.mock.mockito.ResetMocksTestExecutionListener, org.springframework.test.context.web.ServletTestExecutionListener, org.springframework.test.context.support.DirtiesContextBeforeModesTestExecutionListener, org.springframework.test.context.support.DependencyInjectionTestExecutionListener, org.springframework.test.context.support.DirtiesContextTestExecutionListener, org.springframework.test.context.transaction.TransactionalTestExecutionListener, org.springframework.test.context.jdbc.SqlScriptsTestExecutionListener]
2024-10-22 18:25:59.770  INFO 3440 --- [    Test worker] .b.t.a.w.s.WebMvcTestContextBootstrapper : Using TestExecutionListeners: [org.springframework.test.context.web.ServletTestExecutionListener@4eb284e3, org.springframework.test.context.support.DirtiesContextBeforeModesTestExecutionListener@397d4ea4, org.springframework.boot.test.mock.mockito.MockitoTestExecutionListener@25880b43, org.springframework.boot.test.autoconfigure.SpringBootDependencyInjectionTestExecutionListener@7ece8b77, org.springframework.test.context.support.DirtiesContextTestExecutionListener@24818dd1, org.springframework.test.context.transaction.TransactionalTestExecutionListener@775aff8b, org.springframework.test.context.jdbc.SqlScriptsTestExecutionListener@12ed3030, org.springframework.security.test.context.support.WithSecurityContextTestExecutionListener@18729429, org.springframework.security.test.context.support.ReactorContextTestExecutionListener@30357df3, org.springframework.boot.test.autoconfigure.restdocs.RestDocsTestExecutionListener@10336ad9, org.springframework.boot.test.autoconfigure.web.client.MockRestServiceServerResetTestExecutionListener@6b24b45f, org.springframework.boot.test.autoconfigure.web.servlet.MockMvcPrintOnlyOnFailureTestExecutionListener@677bb6ce, org.springframework.boot.test.autoconfigure.web.servlet.WebDriverTestExecutionListener@7cba9537, org.springframework.boot.test.mock.mockito.ResetMocksTestExecutionListener@77544ddb]

  .   ____          _            __ _ _
 /\\ / ___'_ __ _ _(_)_ __  __ _ \ \ \ \
( ( )\___ | '_ | '_| | '_ \/ _` | \ \ \ \
 \\/  ___)| |_)| | | | | || (_| |  ) ) ) )
  '  |____| .__|_| |_|_| |_\__, | / / / /
 =========|_|==============|___/=/_/_/_/
 :: Spring Boot ::        (v2.1.7.RELEASE)

2024-10-22 18:25:59.940  INFO 3440 --- [    Test worker] c.b.book.springboot.HelloControllerTest  : Starting HelloControllerTest on JungBeen with PID 3440 (started by LJB in C:\Users\LJB\Desktop\bootmazon)
2024-10-22 18:25:59.944  INFO 3440 --- [    Test worker] c.b.book.springboot.HelloControllerTest  : No active profile set, falling back to default profiles: default
2024-10-22 18:26:00.875  INFO 3440 --- [    Test worker] o.s.s.concurrent.ThreadPoolTaskExecutor  : Initializing ExecutorService 'applicationTaskExecutor'
2024-10-22 18:26:00.933  INFO 3440 --- [    Test worker] o.s.b.a.w.s.WelcomePageHandlerMapping    : Adding welcome page template: index
2024-10-22 18:26:01.334  INFO 3440 --- [    Test worker] .s.s.UserDetailsServiceAutoConfiguration : 

Using generated security password: cbcc3d27-5fee-4f27-a04e-a71b18ab494a

2024-10-22 18:26:01.759  INFO 3440 --- [    Test worker] o.s.s.web.DefaultSecurityFilterChain     : Creating filter chain: any request, [org.springframework.security.web.context.request.async.WebAsyncManagerIntegrationFilter@3ae16683, org.springframework.security.web.context.SecurityContextPersistenceFilter@4a796411, org.springframework.security.web.header.HeaderWriterFilter@3c8bf3eb, org.springframework.security.web.csrf.CsrfFilter@4a1b21de, org.springframework.security.web.authentication.logout.LogoutFilter@297c092f, org.springframework.security.web.authentication.UsernamePasswordAuthenticationFilter@1b0761e9, org.springframework.security.web.authentication.ui.DefaultLoginPageGeneratingFilter@235ed483, org.springframework.security.web.authentication.ui.DefaultLogoutPageGeneratingFilter@258aaba2, org.springframework.security.web.authentication.www.BasicAuthenticationFilter@d988ddb, org.springframework.security.web.savedrequest.RequestCacheAwareFilter@6617140, org.springframework.security.web.servletapi.SecurityContextHolderAwareRequestFilter@6516cecc, org.springframework.security.web.authentication.AnonymousAuthenticationFilter@6c351c9d, org.springframework.security.web.session.SessionManagementFilter@2f0d3075, org.springframework.security.web.access.ExceptionTranslationFilter@7b96f856, org.springframework.security.web.access.intercept.FilterSecurityInterceptor@3c9de41d]
2024-10-22 18:26:01.844  INFO 3440 --- [    Test worker] o.s.b.t.m.w.SpringBootMockServletContext : Initializing Spring TestDispatcherServlet ''
2024-10-22 18:26:01.844  INFO 3440 --- [    Test worker] o.s.t.web.servlet.TestDispatcherServlet  : Initializing Servlet ''
2024-10-22 18:26:01.883  INFO 3440 --- [    Test worker] o.s.t.web.servlet.TestDispatcherServlet  : Completed initialization in 38 ms
2024-10-22 18:26:01.987  INFO 3440 --- [    Test worker] c.b.book.springboot.HelloControllerTest  : Started HelloControllerTest in 2.196 seconds (JVM running for 16.255)
]]></system-out>
  <system-err><![CDATA[]]></system-err>
</testsuite>
