<?xml version="1.0" encoding="UTF-8"?>
<testsuite name="com.been.book.springboot.HelloControllerTest" tests="2" skipped="0" failures="0" errors="0" timestamp="2024-10-04T09:19:29" hostname="JungBeen" time="0.638">
  <properties/>
  <testcase name="hello가_리턴된다" classname="com.been.book.springboot.HelloControllerTest" time="0.48"/>
  <testcase name="helloDto가_리턴된다" classname="com.been.book.springboot.HelloControllerTest" time="0.156"/>
  <system-out><![CDATA[18:19:24.807 [Test worker] DEBUG org.springframework.test.context.junit4.SpringJUnit4ClassRunner - SpringJUnit4ClassRunner constructor called with [class com.been.book.springboot.HelloControllerTest]
18:19:24.817 [Test worker] DEBUG org.springframework.test.context.BootstrapUtils - Instantiating CacheAwareContextLoaderDelegate from class [org.springframework.test.context.cache.DefaultCacheAwareContextLoaderDelegate]
18:19:24.828 [Test worker] DEBUG org.springframework.test.context.BootstrapUtils - Instantiating BootstrapContext using constructor [public org.springframework.test.context.support.DefaultBootstrapContext(java.lang.Class,org.springframework.test.context.CacheAwareContextLoaderDelegate)]
18:19:24.854 [Test worker] DEBUG org.springframework.test.context.BootstrapUtils - Instantiating TestContextBootstrapper for test class [com.been.book.springboot.HelloControllerTest] from class [org.springframework.boot.test.autoconfigure.web.servlet.WebMvcTestContextBootstrapper]
18:19:24.881 [Test worker] INFO org.springframework.boot.test.autoconfigure.web.servlet.WebMvcTestContextBootstrapper - Neither @ContextConfiguration nor @ContextHierarchy found for test class [com.been.book.springboot.HelloControllerTest], using SpringBootContextLoader
18:19:24.886 [Test worker] DEBUG org.springframework.test.context.support.AbstractContextLoader - Did not detect default resource location for test class [com.been.book.springboot.HelloControllerTest]: class path resource [com/been/book/springboot/HelloControllerTest-context.xml] does not exist
18:19:24.887 [Test worker] DEBUG org.springframework.test.context.support.AbstractContextLoader - Did not detect default resource location for test class [com.been.book.springboot.HelloControllerTest]: class path resource [com/been/book/springboot/HelloControllerTestContext.groovy] does not exist
18:19:24.887 [Test worker] INFO org.springframework.test.context.support.AbstractContextLoader - Could not detect default resource locations for test class [com.been.book.springboot.HelloControllerTest]: no resource found for suffixes {-context.xml, Context.groovy}.
18:19:24.889 [Test worker] INFO org.springframework.test.context.support.AnnotationConfigContextLoaderUtils - Could not detect default configuration classes for test class [com.been.book.springboot.HelloControllerTest]: HelloControllerTest does not declare any static, non-private, non-final, nested classes annotated with @Configuration.
18:19:24.999 [Test worker] DEBUG org.springframework.test.context.support.ActiveProfilesUtils - Could not find an 'annotation declaring class' for annotation type [org.springframework.test.context.ActiveProfiles] and class [com.been.book.springboot.HelloControllerTest]
18:19:25.093 [Test worker] DEBUG org.springframework.context.annotation.ClassPathScanningCandidateComponentProvider - Identified candidate component class: file [C:\Users\LJB\Desktop\bootmazon\build\classes\java\main\com\been\book\springboot\Application.class]
18:19:25.094 [Test worker] INFO org.springframework.boot.test.context.SpringBootTestContextBootstrapper - Found @SpringBootConfiguration com.been.book.springboot.Application for test class com.been.book.springboot.HelloControllerTest
18:19:25.098 [Test worker] DEBUG org.springframework.boot.test.autoconfigure.web.servlet.WebMvcTestContextBootstrapper - @TestExecutionListeners is not present for class [com.been.book.springboot.HelloControllerTest]: using defaults.
18:19:25.100 [Test worker] INFO org.springframework.boot.test.autoconfigure.web.servlet.WebMvcTestContextBootstrapper - Loaded default TestExecutionListener class names from location [META-INF/spring.factories]: [org.springframework.security.test.context.support.WithSecurityContextTestExecutionListener, org.springframework.security.test.context.support.ReactorContextTestExecutionListener, org.springframework.boot.test.autoconfigure.restdocs.RestDocsTestExecutionListener, org.springframework.boot.test.autoconfigure.web.client.MockRestServiceServerResetTestExecutionListener, org.springframework.boot.test.autoconfigure.web.servlet.MockMvcPrintOnlyOnFailureTestExecutionListener, org.springframework.boot.test.autoconfigure.web.servlet.WebDriverTestExecutionListener, org.springframework.boot.test.mock.mockito.MockitoTestExecutionListener, org.springframework.boot.test.mock.mockito.ResetMocksTestExecutionListener, org.springframework.test.context.web.ServletTestExecutionListener, org.springframework.test.context.support.DirtiesContextBeforeModesTestExecutionListener, org.springframework.test.context.support.DependencyInjectionTestExecutionListener, org.springframework.test.context.support.DirtiesContextTestExecutionListener, org.springframework.test.context.transaction.TransactionalTestExecutionListener, org.springframework.test.context.jdbc.SqlScriptsTestExecutionListener]
18:19:25.137 [Test worker] INFO org.springframework.boot.test.autoconfigure.web.servlet.WebMvcTestContextBootstrapper - Using TestExecutionListeners: [org.springframework.test.context.web.ServletTestExecutionListener@6008944f, org.springframework.test.context.support.DirtiesContextBeforeModesTestExecutionListener@1c58f9e2, org.springframework.boot.test.mock.mockito.MockitoTestExecutionListener@570f63f8, org.springframework.boot.test.autoconfigure.SpringBootDependencyInjectionTestExecutionListener@1d87c3f, org.springframework.test.context.support.DirtiesContextTestExecutionListener@25562aa7, org.springframework.test.context.transaction.TransactionalTestExecutionListener@7e9a4006, org.springframework.test.context.jdbc.SqlScriptsTestExecutionListener@5226ec8e, org.springframework.security.test.context.support.WithSecurityContextTestExecutionListener@105d5b71, org.springframework.security.test.context.support.ReactorContextTestExecutionListener@44a48cf, org.springframework.boot.test.autoconfigure.restdocs.RestDocsTestExecutionListener@28fca230, org.springframework.boot.test.autoconfigure.web.client.MockRestServiceServerResetTestExecutionListener@4ddb793d, org.springframework.boot.test.autoconfigure.web.servlet.MockMvcPrintOnlyOnFailureTestExecutionListener@37a72524, org.springframework.boot.test.autoconfigure.web.servlet.WebDriverTestExecutionListener@61fd0f2f, org.springframework.boot.test.mock.mockito.ResetMocksTestExecutionListener@2cdddc02]
18:19:25.141 [Test worker] DEBUG org.springframework.test.annotation.ProfileValueUtils - Retrieved @ProfileValueSourceConfiguration [null] for test class [com.been.book.springboot.HelloControllerTest]
18:19:25.142 [Test worker] DEBUG org.springframework.test.annotation.ProfileValueUtils - Retrieved ProfileValueSource type [class org.springframework.test.annotation.SystemProfileValueSource] for class [com.been.book.springboot.HelloControllerTest]
18:19:25.143 [Test worker] DEBUG org.springframework.test.annotation.ProfileValueUtils - Retrieved @ProfileValueSourceConfiguration [null] for test class [com.been.book.springboot.HelloControllerTest]
18:19:25.143 [Test worker] DEBUG org.springframework.test.annotation.ProfileValueUtils - Retrieved ProfileValueSource type [class org.springframework.test.annotation.SystemProfileValueSource] for class [com.been.book.springboot.HelloControllerTest]
18:19:25.150 [Test worker] DEBUG org.springframework.test.context.support.AbstractDirtiesContextTestExecutionListener - Before test class: context [DefaultTestContext@d145c39 testClass = HelloControllerTest, testInstance = [null], testMethod = [null], testException = [null], mergedContextConfiguration = [WebMergedContextConfiguration@17e9c314 testClass = HelloControllerTest, locations = '{}', classes = '{class com.been.book.springboot.Application}', contextInitializerClasses = '[]', activeProfiles = '{}', propertySourceLocations = '{}', propertySourceProperties = '{org.springframework.boot.test.autoconfigure.web.servlet.WebMvcTestContextBootstrapper=true}', contextCustomizers = set[org.springframework.boot.test.autoconfigure.OverrideAutoConfigurationContextCustomizerFactory$DisableAutoConfigurationContextCustomizer@736832e2, org.springframework.boot.test.autoconfigure.filter.TypeExcludeFiltersContextCustomizer@76d3b3a5, org.springframework.boot.test.autoconfigure.properties.PropertyMappingContextCustomizer@a33aa456, org.springframework.boot.test.autoconfigure.web.servlet.WebDriverContextCustomizerFactory$Customizer@7b643932, [ImportsContextCustomizer@3b7089df key = [org.springframework.boot.autoconfigure.cache.CacheAutoConfiguration, org.springframework.boot.autoconfigure.context.MessageSourceAutoConfiguration, org.springframework.boot.autoconfigure.data.web.SpringDataWebAutoConfiguration, org.springframework.boot.autoconfigure.freemarker.FreeMarkerAutoConfiguration, org.springframework.boot.autoconfigure.groovy.template.GroovyTemplateAutoConfiguration, org.springframework.boot.autoconfigure.gson.GsonAutoConfiguration, org.springframework.boot.autoconfigure.hateoas.HypermediaAutoConfiguration, org.springframework.boot.autoconfigure.http.HttpMessageConvertersAutoConfiguration, org.springframework.boot.autoconfigure.jackson.JacksonAutoConfiguration, org.springframework.boot.autoconfigure.jsonb.JsonbAutoConfiguration, org.springframework.boot.autoconfigure.mustache.MustacheAutoConfiguration, org.springframework.boot.autoconfigure.task.TaskExecutionAutoConfiguration, org.springframework.boot.autoconfigure.thymeleaf.ThymeleafAutoConfiguration, org.springframework.boot.autoconfigure.validation.ValidationAutoConfiguration, org.springframework.boot.autoconfigure.web.servlet.error.ErrorMvcAutoConfiguration, org.springframework.boot.autoconfigure.web.servlet.WebMvcAutoConfiguration, org.springframework.boot.test.autoconfigure.web.servlet.MockMvcAutoConfiguration, org.springframework.boot.test.autoconfigure.web.servlet.MockMvcSecurityAutoConfiguration, org.springframework.boot.test.autoconfigure.web.servlet.MockMvcWebClientAutoConfiguration, org.springframework.boot.test.autoconfigure.web.servlet.MockMvcWebDriverAutoConfiguration]], org.springframework.boot.test.context.filter.ExcludeFilterContextCustomizer@159aebfc, org.springframework.boot.test.json.DuplicateJsonObjectContextCustomizerFactory$DuplicateJsonObjectContextCustomizer@5c5815d7, org.springframework.boot.test.mock.mockito.MockitoContextCustomizer@0], resourceBasePath = 'src/main/webapp', contextLoader = 'org.springframework.boot.test.context.SpringBootContextLoader', parent = [null]], attributes = map[[empty]]], class annotated with @DirtiesContext [false] with mode [null].
18:19:25.151 [Test worker] DEBUG org.springframework.test.annotation.ProfileValueUtils - Retrieved @ProfileValueSourceConfiguration [null] for test class [com.been.book.springboot.HelloControllerTest]
18:19:25.152 [Test worker] DEBUG org.springframework.test.annotation.ProfileValueUtils - Retrieved ProfileValueSource type [class org.springframework.test.annotation.SystemProfileValueSource] for class [com.been.book.springboot.HelloControllerTest]
18:19:25.158 [Test worker] DEBUG org.springframework.test.context.support.DependencyInjectionTestExecutionListener - Performing dependency injection for test context [[DefaultTestContext@d145c39 testClass = HelloControllerTest, testInstance = com.been.book.springboot.HelloControllerTest@5fe3ac7f, testMethod = [null], testException = [null], mergedContextConfiguration = [WebMergedContextConfiguration@17e9c314 testClass = HelloControllerTest, locations = '{}', classes = '{class com.been.book.springboot.Application}', contextInitializerClasses = '[]', activeProfiles = '{}', propertySourceLocations = '{}', propertySourceProperties = '{org.springframework.boot.test.autoconfigure.web.servlet.WebMvcTestContextBootstrapper=true}', contextCustomizers = set[org.springframework.boot.test.autoconfigure.OverrideAutoConfigurationContextCustomizerFactory$DisableAutoConfigurationContextCustomizer@736832e2, org.springframework.boot.test.autoconfigure.filter.TypeExcludeFiltersContextCustomizer@76d3b3a5, org.springframework.boot.test.autoconfigure.properties.PropertyMappingContextCustomizer@a33aa456, org.springframework.boot.test.autoconfigure.web.servlet.WebDriverContextCustomizerFactory$Customizer@7b643932, [ImportsContextCustomizer@3b7089df key = [org.springframework.boot.autoconfigure.cache.CacheAutoConfiguration, org.springframework.boot.autoconfigure.context.MessageSourceAutoConfiguration, org.springframework.boot.autoconfigure.data.web.SpringDataWebAutoConfiguration, org.springframework.boot.autoconfigure.freemarker.FreeMarkerAutoConfiguration, org.springframework.boot.autoconfigure.groovy.template.GroovyTemplateAutoConfiguration, org.springframework.boot.autoconfigure.gson.GsonAutoConfiguration, org.springframework.boot.autoconfigure.hateoas.HypermediaAutoConfiguration, org.springframework.boot.autoconfigure.http.HttpMessageConvertersAutoConfiguration, org.springframework.boot.autoconfigure.jackson.JacksonAutoConfiguration, org.springframework.boot.autoconfigure.jsonb.JsonbAutoConfiguration, org.springframework.boot.autoconfigure.mustache.MustacheAutoConfiguration, org.springframework.boot.autoconfigure.task.TaskExecutionAutoConfiguration, org.springframework.boot.autoconfigure.thymeleaf.ThymeleafAutoConfiguration, org.springframework.boot.autoconfigure.validation.ValidationAutoConfiguration, org.springframework.boot.autoconfigure.web.servlet.error.ErrorMvcAutoConfiguration, org.springframework.boot.autoconfigure.web.servlet.WebMvcAutoConfiguration, org.springframework.boot.test.autoconfigure.web.servlet.MockMvcAutoConfiguration, org.springframework.boot.test.autoconfigure.web.servlet.MockMvcSecurityAutoConfiguration, org.springframework.boot.test.autoconfigure.web.servlet.MockMvcWebClientAutoConfiguration, org.springframework.boot.test.autoconfigure.web.servlet.MockMvcWebDriverAutoConfiguration]], org.springframework.boot.test.context.filter.ExcludeFilterContextCustomizer@159aebfc, org.springframework.boot.test.json.DuplicateJsonObjectContextCustomizerFactory$DuplicateJsonObjectContextCustomizer@5c5815d7, org.springframework.boot.test.mock.mockito.MockitoContextCustomizer@0], resourceBasePath = 'src/main/webapp', contextLoader = 'org.springframework.boot.test.context.SpringBootContextLoader', parent = [null]], attributes = map[[empty]]]].
18:19:25.344 [Test worker] DEBUG org.springframework.test.context.support.TestPropertySourceUtils - Adding inlined properties to environment: {spring.jmx.enabled=false, org.springframework.boot.test.autoconfigure.web.servlet.WebMvcTestContextBootstrapper=true, server.port=-1}

  .   ____          _            __ _ _
 /\\ / ___'_ __ _ _(_)_ __  __ _ \ \ \ \
( ( )\___ | '_ | '_| | '_ \/ _` | \ \ \ \
 \\/  ___)| |_)| | | | | || (_| |  ) ) ) )
  '  |____| .__|_| |_|_| |_\__, | / / / /
 =========|_|==============|___/=/_/_/_/
 :: Spring Boot ::        (v2.1.7.RELEASE)

2024-10-04 18:19:25.804  INFO 6008 --- [    Test worker] c.b.book.springboot.HelloControllerTest  : Starting HelloControllerTest on JungBeen with PID 6008 (started by LJB in C:\Users\LJB\Desktop\bootmazon)
2024-10-04 18:19:25.814  INFO 6008 --- [    Test worker] c.b.book.springboot.HelloControllerTest  : No active profile set, falling back to default profiles: default
2024-10-04 18:19:28.544  INFO 6008 --- [    Test worker] o.s.s.concurrent.ThreadPoolTaskExecutor  : Initializing ExecutorService 'applicationTaskExecutor'
2024-10-04 18:19:28.709  INFO 6008 --- [    Test worker] o.s.b.a.w.s.WelcomePageHandlerMapping    : Adding welcome page template: index
2024-10-04 18:19:29.356  INFO 6008 --- [    Test worker] .s.s.UserDetailsServiceAutoConfiguration : 

Using generated security password: 7841dd0c-4a63-44aa-aaa0-1055df3452b3

2024-10-04 18:19:29.764  INFO 6008 --- [    Test worker] o.s.s.web.DefaultSecurityFilterChain     : Creating filter chain: any request, [org.springframework.security.web.context.request.async.WebAsyncManagerIntegrationFilter@418d929a, org.springframework.security.web.context.SecurityContextPersistenceFilter@bf8d09f, org.springframework.security.web.header.HeaderWriterFilter@5e3b4e14, org.springframework.security.web.csrf.CsrfFilter@41687ea1, org.springframework.security.web.authentication.logout.LogoutFilter@279c4dab, org.springframework.security.web.authentication.UsernamePasswordAuthenticationFilter@3d160b15, org.springframework.security.web.authentication.ui.DefaultLoginPageGeneratingFilter@6bd0fae8, org.springframework.security.web.authentication.ui.DefaultLogoutPageGeneratingFilter@7ee572a8, org.springframework.security.web.authentication.www.BasicAuthenticationFilter@9b9fed4, org.springframework.security.web.savedrequest.RequestCacheAwareFilter@5662edcb, org.springframework.security.web.servletapi.SecurityContextHolderAwareRequestFilter@fbfce1, org.springframework.security.web.authentication.AnonymousAuthenticationFilter@7fe89903, org.springframework.security.web.session.SessionManagementFilter@2a1ae779, org.springframework.security.web.access.ExceptionTranslationFilter@176d15a1, org.springframework.security.web.access.intercept.FilterSecurityInterceptor@4eae4c2d]
2024-10-04 18:19:29.852  INFO 6008 --- [    Test worker] o.s.b.t.m.w.SpringBootMockServletContext : Initializing Spring TestDispatcherServlet ''
2024-10-04 18:19:29.853  INFO 6008 --- [    Test worker] o.s.t.web.servlet.TestDispatcherServlet  : Initializing Servlet ''
2024-10-04 18:19:29.877  INFO 6008 --- [    Test worker] o.s.t.web.servlet.TestDispatcherServlet  : Completed initialization in 24 ms
2024-10-04 18:19:29.962  INFO 6008 --- [    Test worker] c.b.book.springboot.HelloControllerTest  : Started HelloControllerTest in 4.605 seconds (JVM running for 6.989)
]]></system-out>
  <system-err><![CDATA[]]></system-err>
</testsuite>
