<?xml version="1.0" encoding="UTF-8"?>
<testsuite name="com.been.book.springboot.web.IndexControllerTest" tests="1" skipped="0" failures="0" errors="0" timestamp="2024-10-12T10:51:04" hostname="JungBeen" time="0.354">
  <properties/>
  <testcase name="메인페이지_로딩" classname="com.been.book.springboot.web.IndexControllerTest" time="0.354"/>
  <system-out><![CDATA[2024-10-12 19:50:59.930  INFO 12752 --- [    Test worker] .b.t.c.SpringBootTestContextBootstrapper : Neither @ContextConfiguration nor @ContextHierarchy found for test class [com.been.book.springboot.web.IndexControllerTest], using SpringBootContextLoader
2024-10-12 19:50:59.932  INFO 12752 --- [    Test worker] o.s.t.c.support.AbstractContextLoader    : Could not detect default resource locations for test class [com.been.book.springboot.web.IndexControllerTest]: no resource found for suffixes {-context.xml, Context.groovy}.
2024-10-12 19:50:59.932  INFO 12752 --- [    Test worker] t.c.s.AnnotationConfigContextLoaderUtils : Could not detect default configuration classes for test class [com.been.book.springboot.web.IndexControllerTest]: IndexControllerTest does not declare any static, non-private, non-final, nested classes annotated with @Configuration.
2024-10-12 19:50:59.961  INFO 12752 --- [    Test worker] .b.t.c.SpringBootTestContextBootstrapper : Found @SpringBootConfiguration com.been.book.springboot.Application for test class com.been.book.springboot.web.IndexControllerTest
2024-10-12 19:50:59.964  INFO 12752 --- [    Test worker] .b.t.c.SpringBootTestContextBootstrapper : Loaded default TestExecutionListener class names from location [META-INF/spring.factories]: [org.springframework.security.test.context.support.WithSecurityContextTestExecutionListener, org.springframework.security.test.context.support.ReactorContextTestExecutionListener, org.springframework.boot.test.autoconfigure.restdocs.RestDocsTestExecutionListener, org.springframework.boot.test.autoconfigure.web.client.MockRestServiceServerResetTestExecutionListener, org.springframework.boot.test.autoconfigure.web.servlet.MockMvcPrintOnlyOnFailureTestExecutionListener, org.springframework.boot.test.autoconfigure.web.servlet.WebDriverTestExecutionListener, org.springframework.boot.test.mock.mockito.MockitoTestExecutionListener, org.springframework.boot.test.mock.mockito.ResetMocksTestExecutionListener, org.springframework.test.context.web.ServletTestExecutionListener, org.springframework.test.context.support.DirtiesContextBeforeModesTestExecutionListener, org.springframework.test.context.support.DependencyInjectionTestExecutionListener, org.springframework.test.context.support.DirtiesContextTestExecutionListener, org.springframework.test.context.transaction.TransactionalTestExecutionListener, org.springframework.test.context.jdbc.SqlScriptsTestExecutionListener]
2024-10-12 19:50:59.968  INFO 12752 --- [    Test worker] .b.t.c.SpringBootTestContextBootstrapper : Using TestExecutionListeners: [org.springframework.test.context.web.ServletTestExecutionListener@4aa8dd5a, org.springframework.test.context.support.DirtiesContextBeforeModesTestExecutionListener@12104788, org.springframework.boot.test.mock.mockito.MockitoTestExecutionListener@ac83383, org.springframework.boot.test.autoconfigure.SpringBootDependencyInjectionTestExecutionListener@6d32027e, org.springframework.test.context.support.DirtiesContextTestExecutionListener@617c508f, org.springframework.test.context.transaction.TransactionalTestExecutionListener@7140672f, org.springframework.test.context.jdbc.SqlScriptsTestExecutionListener@3a5f06af, org.springframework.security.test.context.support.WithSecurityContextTestExecutionListener@4703c268, org.springframework.security.test.context.support.ReactorContextTestExecutionListener@44f80a2f, org.springframework.boot.test.autoconfigure.restdocs.RestDocsTestExecutionListener@36737480, org.springframework.boot.test.autoconfigure.web.client.MockRestServiceServerResetTestExecutionListener@745b669f, org.springframework.boot.test.autoconfigure.web.servlet.MockMvcPrintOnlyOnFailureTestExecutionListener@2d92fafe, org.springframework.boot.test.autoconfigure.web.servlet.WebDriverTestExecutionListener@293f3411, org.springframework.boot.test.mock.mockito.ResetMocksTestExecutionListener@44582c2]

  .   ____          _            __ _ _
 /\\ / ___'_ __ _ _(_)_ __  __ _ \ \ \ \
( ( )\___ | '_ | '_| | '_ \/ _` | \ \ \ \
 \\/  ___)| |_)| | | | | || (_| |  ) ) ) )
  '  |____| .__|_| |_|_| |_\__, | / / / /
 =========|_|==============|___/=/_/_/_/
 :: Spring Boot ::        (v2.1.7.RELEASE)

2024-10-12 19:51:00.071  INFO 12752 --- [    Test worker] c.b.b.s.web.IndexControllerTest          : Starting IndexControllerTest on JungBeen with PID 12752 (started by LJB in C:\Users\LJB\Desktop\bootmazon)
2024-10-12 19:51:00.072  INFO 12752 --- [    Test worker] c.b.b.s.web.IndexControllerTest          : No active profile set, falling back to default profiles: default
2024-10-12 19:51:00.525  INFO 12752 --- [    Test worker] .s.d.r.c.RepositoryConfigurationDelegate : Bootstrapping Spring Data repositories in DEFAULT mode.
2024-10-12 19:51:00.579  INFO 12752 --- [    Test worker] .s.d.r.c.RepositoryConfigurationDelegate : Finished Spring Data repository scanning in 53ms. Found 2 repository interfaces.
2024-10-12 19:51:00.766  INFO 12752 --- [    Test worker] trationDelegate$BeanPostProcessorChecker : Bean 'org.springframework.transaction.annotation.ProxyTransactionManagementConfiguration' of type [org.springframework.transaction.annotation.ProxyTransactionManagementConfiguration$$EnhancerBySpringCGLIB$$e83558b6] is not eligible for getting processed by all BeanPostProcessors (for example: not eligible for auto-proxying)
2024-10-12 19:51:01.281  INFO 12752 --- [    Test worker] o.s.b.w.embedded.tomcat.TomcatWebServer  : Tomcat initialized with port(s): 0 (http)
2024-10-12 19:51:01.358  INFO 12752 --- [    Test worker] o.apache.catalina.core.StandardService   : Starting service [Tomcat]
2024-10-12 19:51:01.359  INFO 12752 --- [    Test worker] org.apache.catalina.core.StandardEngine  : Starting Servlet engine: [Apache Tomcat/9.0.22]
2024-10-12 19:51:01.675  INFO 12752 --- [    Test worker] o.a.c.c.C.[Tomcat].[localhost].[/]       : Initializing Spring embedded WebApplicationContext
2024-10-12 19:51:01.676  INFO 12752 --- [    Test worker] o.s.web.context.ContextLoader            : Root WebApplicationContext: initialization completed in 1598 ms
2024-10-12 19:51:02.043  INFO 12752 --- [    Test worker] com.zaxxer.hikari.HikariDataSource       : HikariPool-2 - Starting...
2024-10-12 19:51:02.045  INFO 12752 --- [    Test worker] com.zaxxer.hikari.HikariDataSource       : HikariPool-2 - Start completed.
2024-10-12 19:51:02.137  INFO 12752 --- [    Test worker] o.hibernate.jpa.internal.util.LogHelper  : HHH000204: Processing PersistenceUnitInfo [
	name: default
	...]
2024-10-12 19:51:02.173  INFO 12752 --- [    Test worker] org.hibernate.dialect.Dialect            : HHH000400: Using dialect: org.hibernate.dialect.MySQL57Dialect
Hibernate: drop table if exists posts
Hibernate: drop table if exists user
Hibernate: create table posts (id bigint not null auto_increment, created_date datetime(6), modified_date datetime(6), author varchar(255), content TEXT not null, title varchar(500) not null, primary key (id)) engine=InnoDB
Hibernate: create table user (id bigint not null auto_increment, email varchar(255) not null, name varchar(255) not null, picture varchar(255), role varchar(255) not null, primary key (id)) engine=InnoDB
2024-10-12 19:51:02.332  INFO 12752 --- [    Test worker] o.h.t.schema.internal.SchemaCreatorImpl  : HHH000476: Executing import script 'org.hibernate.tool.schema.internal.exec.ScriptSourceInputNonExistentImpl@1292ea55'
2024-10-12 19:51:02.332  INFO 12752 --- [    Test worker] j.LocalContainerEntityManagerFactoryBean : Initialized JPA EntityManagerFactory for persistence unit 'default'
2024-10-12 19:51:03.239  INFO 12752 --- [    Test worker] o.h.h.i.QueryTranslatorFactoryInitiator  : HHH000397: Using ASTQueryTranslatorFactory
2024-10-12 19:51:03.589  INFO 12752 --- [    Test worker] o.s.s.web.DefaultSecurityFilterChain     : Creating filter chain: any request, [org.springframework.security.web.context.request.async.WebAsyncManagerIntegrationFilter@2e241ee, org.springframework.security.web.context.SecurityContextPersistenceFilter@17465656, org.springframework.security.web.header.HeaderWriterFilter@5010e46a, org.springframework.security.web.authentication.logout.LogoutFilter@5ec8a1cb, org.springframework.security.oauth2.client.web.OAuth2AuthorizationRequestRedirectFilter@39c3044b, org.springframework.security.oauth2.client.web.OAuth2LoginAuthenticationFilter@7765c19d, org.springframework.security.web.authentication.ui.DefaultLoginPageGeneratingFilter@7b99bc08, org.springframework.security.web.authentication.ui.DefaultLogoutPageGeneratingFilter@18b8d938, org.springframework.security.web.savedrequest.RequestCacheAwareFilter@7a36c875, org.springframework.security.web.servletapi.SecurityContextHolderAwareRequestFilter@2dd240ed, org.springframework.security.web.authentication.AnonymousAuthenticationFilter@39787738, org.springframework.security.web.session.SessionManagementFilter@37fc2c2b, org.springframework.security.web.access.ExceptionTranslationFilter@7393c1da, org.springframework.security.web.access.intercept.FilterSecurityInterceptor@2c86c8d2]
2024-10-12 19:51:03.983  INFO 12752 --- [    Test worker] o.s.s.concurrent.ThreadPoolTaskExecutor  : Initializing ExecutorService 'applicationTaskExecutor'
2024-10-12 19:51:04.009  WARN 12752 --- [    Test worker] aWebConfiguration$JpaWebMvcConfiguration : spring.jpa.open-in-view is enabled by default. Therefore, database queries may be performed during view rendering. Explicitly configure spring.jpa.open-in-view to disable this warning
2024-10-12 19:51:04.064  INFO 12752 --- [    Test worker] o.s.b.a.w.s.WelcomePageHandlerMapping    : Adding welcome page template: index
2024-10-12 19:51:04.655  INFO 12752 --- [    Test worker] s.a.ScheduledAnnotationBeanPostProcessor : No TaskScheduler/ScheduledExecutorService bean found for scheduled processing
2024-10-12 19:51:04.686  INFO 12752 --- [    Test worker] o.s.b.w.embedded.tomcat.TomcatWebServer  : Tomcat started on port(s): 6872 (http) with context path ''
2024-10-12 19:51:04.688  INFO 12752 --- [    Test worker] c.b.b.s.web.IndexControllerTest          : Started IndexControllerTest in 4.709 seconds (JVM running for 22.655)
2024-10-12 19:51:04.864  INFO 12752 --- [o-auto-1-exec-1] o.a.c.c.C.[Tomcat].[localhost].[/]       : Initializing Spring DispatcherServlet 'dispatcherServlet'
2024-10-12 19:51:04.864  INFO 12752 --- [o-auto-1-exec-1] o.s.web.servlet.DispatcherServlet        : Initializing Servlet 'dispatcherServlet'
2024-10-12 19:51:04.901  INFO 12752 --- [o-auto-1-exec-1] o.s.web.servlet.DispatcherServlet        : Completed initialization in 37 ms
Hibernate: select posts0_.id as id1_0_, posts0_.created_date as created_2_0_, posts0_.modified_date as modified3_0_, posts0_.author as author4_0_, posts0_.content as content5_0_, posts0_.title as title6_0_ from posts posts0_ order by posts0_.id DESC
]]></system-out>
  <system-err><![CDATA[]]></system-err>
</testsuite>
