<?xml version="1.0" encoding="UTF-8"?>
<testsuite name="com.been.book.springboot.web.IndexControllerTest" tests="1" skipped="0" failures="0" errors="0" timestamp="2024-10-22T09:26:07" hostname="JungBeen" time="0.341">
  <properties/>
  <testcase name="메인페이지_로딩" classname="com.been.book.springboot.web.IndexControllerTest" time="0.341"/>
  <system-out><![CDATA[2024-10-22 18:26:02.380  INFO 3440 --- [    Test worker] .b.t.c.SpringBootTestContextBootstrapper : Neither @ContextConfiguration nor @ContextHierarchy found for test class [com.been.book.springboot.web.IndexControllerTest], using SpringBootContextLoader
2024-10-22 18:26:02.382  INFO 3440 --- [    Test worker] o.s.t.c.support.AbstractContextLoader    : Could not detect default resource locations for test class [com.been.book.springboot.web.IndexControllerTest]: no resource found for suffixes {-context.xml, Context.groovy}.
2024-10-22 18:26:02.382  INFO 3440 --- [    Test worker] t.c.s.AnnotationConfigContextLoaderUtils : Could not detect default configuration classes for test class [com.been.book.springboot.web.IndexControllerTest]: IndexControllerTest does not declare any static, non-private, non-final, nested classes annotated with @Configuration.
2024-10-22 18:26:02.416  INFO 3440 --- [    Test worker] .b.t.c.SpringBootTestContextBootstrapper : Found @SpringBootConfiguration com.been.book.springboot.Application for test class com.been.book.springboot.web.IndexControllerTest
2024-10-22 18:26:02.424  INFO 3440 --- [    Test worker] .b.t.c.SpringBootTestContextBootstrapper : Loaded default TestExecutionListener class names from location [META-INF/spring.factories]: [org.springframework.security.test.context.support.WithSecurityContextTestExecutionListener, org.springframework.security.test.context.support.ReactorContextTestExecutionListener, org.springframework.boot.test.autoconfigure.restdocs.RestDocsTestExecutionListener, org.springframework.boot.test.autoconfigure.web.client.MockRestServiceServerResetTestExecutionListener, org.springframework.boot.test.autoconfigure.web.servlet.MockMvcPrintOnlyOnFailureTestExecutionListener, org.springframework.boot.test.autoconfigure.web.servlet.WebDriverTestExecutionListener, org.springframework.boot.test.mock.mockito.MockitoTestExecutionListener, org.springframework.boot.test.mock.mockito.ResetMocksTestExecutionListener, org.springframework.test.context.web.ServletTestExecutionListener, org.springframework.test.context.support.DirtiesContextBeforeModesTestExecutionListener, org.springframework.test.context.support.DependencyInjectionTestExecutionListener, org.springframework.test.context.support.DirtiesContextTestExecutionListener, org.springframework.test.context.transaction.TransactionalTestExecutionListener, org.springframework.test.context.jdbc.SqlScriptsTestExecutionListener]
2024-10-22 18:26:02.427  INFO 3440 --- [    Test worker] .b.t.c.SpringBootTestContextBootstrapper : Using TestExecutionListeners: [org.springframework.test.context.web.ServletTestExecutionListener@34ba3589, org.springframework.test.context.support.DirtiesContextBeforeModesTestExecutionListener@7be8cd74, org.springframework.boot.test.mock.mockito.MockitoTestExecutionListener@9d47ad7, org.springframework.boot.test.autoconfigure.SpringBootDependencyInjectionTestExecutionListener@1fe08f54, org.springframework.test.context.support.DirtiesContextTestExecutionListener@7a13e75c, org.springframework.test.context.transaction.TransactionalTestExecutionListener@47ad1607, org.springframework.test.context.jdbc.SqlScriptsTestExecutionListener@6d05cee7, org.springframework.security.test.context.support.WithSecurityContextTestExecutionListener@7684763c, org.springframework.security.test.context.support.ReactorContextTestExecutionListener@13c856b7, org.springframework.boot.test.autoconfigure.restdocs.RestDocsTestExecutionListener@3c7a67e7, org.springframework.boot.test.autoconfigure.web.client.MockRestServiceServerResetTestExecutionListener@7f4bf479, org.springframework.boot.test.autoconfigure.web.servlet.MockMvcPrintOnlyOnFailureTestExecutionListener@2a2b483a, org.springframework.boot.test.autoconfigure.web.servlet.WebDriverTestExecutionListener@7b07ce26, org.springframework.boot.test.mock.mockito.ResetMocksTestExecutionListener@142dcbfe]

  .   ____          _            __ _ _
 /\\ / ___'_ __ _ _(_)_ __  __ _ \ \ \ \
( ( )\___ | '_ | '_| | '_ \/ _` | \ \ \ \
 \\/  ___)| |_)| | | | | || (_| |  ) ) ) )
  '  |____| .__|_| |_|_| |_\__, | / / / /
 =========|_|==============|___/=/_/_/_/
 :: Spring Boot ::        (v2.1.7.RELEASE)

2024-10-22 18:26:02.526  INFO 3440 --- [    Test worker] c.b.b.s.web.IndexControllerTest          : Starting IndexControllerTest on JungBeen with PID 3440 (started by LJB in C:\Users\LJB\Desktop\bootmazon)
2024-10-22 18:26:02.527  INFO 3440 --- [    Test worker] c.b.b.s.web.IndexControllerTest          : No active profile set, falling back to default profiles: default
2024-10-22 18:26:03.067  INFO 3440 --- [    Test worker] .s.d.r.c.RepositoryConfigurationDelegate : Bootstrapping Spring Data repositories in DEFAULT mode.
2024-10-22 18:26:03.119  INFO 3440 --- [    Test worker] .s.d.r.c.RepositoryConfigurationDelegate : Finished Spring Data repository scanning in 51ms. Found 2 repository interfaces.
2024-10-22 18:26:03.303  INFO 3440 --- [    Test worker] trationDelegate$BeanPostProcessorChecker : Bean 'org.springframework.transaction.annotation.ProxyTransactionManagementConfiguration' of type [org.springframework.transaction.annotation.ProxyTransactionManagementConfiguration$$EnhancerBySpringCGLIB$$61106887] is not eligible for getting processed by all BeanPostProcessors (for example: not eligible for auto-proxying)
2024-10-22 18:26:03.759  INFO 3440 --- [    Test worker] o.s.b.w.embedded.tomcat.TomcatWebServer  : Tomcat initialized with port(s): 0 (http)
2024-10-22 18:26:03.810  INFO 3440 --- [    Test worker] o.apache.catalina.core.StandardService   : Starting service [Tomcat]
2024-10-22 18:26:03.811  INFO 3440 --- [    Test worker] org.apache.catalina.core.StandardEngine  : Starting Servlet engine: [Apache Tomcat/9.0.22]
2024-10-22 18:26:04.256  INFO 3440 --- [    Test worker] o.a.c.c.C.[Tomcat].[localhost].[/]       : Initializing Spring embedded WebApplicationContext
2024-10-22 18:26:04.257  INFO 3440 --- [    Test worker] o.s.web.context.ContextLoader            : Root WebApplicationContext: initialization completed in 1723 ms
2024-10-22 18:26:04.563  INFO 3440 --- [    Test worker] com.zaxxer.hikari.HikariDataSource       : HikariPool-2 - Starting...
2024-10-22 18:26:04.565  INFO 3440 --- [    Test worker] com.zaxxer.hikari.HikariDataSource       : HikariPool-2 - Start completed.
2024-10-22 18:26:04.647  INFO 3440 --- [    Test worker] o.hibernate.jpa.internal.util.LogHelper  : HHH000204: Processing PersistenceUnitInfo [
	name: default
	...]
2024-10-22 18:26:04.676  INFO 3440 --- [    Test worker] org.hibernate.dialect.Dialect            : HHH000400: Using dialect: org.hibernate.dialect.MySQL5InnoDBDialect
Hibernate: drop table if exists posts
Hibernate: drop table if exists user
Hibernate: create table posts (id bigint not null auto_increment, created_date datetime, modified_date datetime, author varchar(255), content TEXT not null, title varchar(500) not null, primary key (id)) engine=InnoDB
Hibernate: create table user (id bigint not null auto_increment, email varchar(255) not null, name varchar(255) not null, picture varchar(255), role varchar(255) not null, primary key (id)) engine=InnoDB
2024-10-22 18:26:04.761  INFO 3440 --- [    Test worker] o.h.t.schema.internal.SchemaCreatorImpl  : HHH000476: Executing import script 'org.hibernate.tool.schema.internal.exec.ScriptSourceInputNonExistentImpl@320d41b7'
2024-10-22 18:26:04.762  INFO 3440 --- [    Test worker] j.LocalContainerEntityManagerFactoryBean : Initialized JPA EntityManagerFactory for persistence unit 'default'
2024-10-22 18:26:05.380  INFO 3440 --- [    Test worker] o.h.h.i.QueryTranslatorFactoryInitiator  : HHH000397: Using ASTQueryTranslatorFactory
2024-10-22 18:26:05.743  INFO 3440 --- [    Test worker] o.s.s.web.DefaultSecurityFilterChain     : Creating filter chain: any request, [org.springframework.security.web.context.request.async.WebAsyncManagerIntegrationFilter@527caaac, org.springframework.security.web.context.SecurityContextPersistenceFilter@19277362, org.springframework.security.web.header.HeaderWriterFilter@4b99e694, org.springframework.security.web.authentication.logout.LogoutFilter@187ea46c, org.springframework.security.oauth2.client.web.OAuth2AuthorizationRequestRedirectFilter@5163f616, org.springframework.security.oauth2.client.web.OAuth2LoginAuthenticationFilter@79a5124c, org.springframework.security.web.authentication.ui.DefaultLoginPageGeneratingFilter@3ae07c31, org.springframework.security.web.authentication.ui.DefaultLogoutPageGeneratingFilter@22bc4ec9, org.springframework.security.web.savedrequest.RequestCacheAwareFilter@533b387f, org.springframework.security.web.servletapi.SecurityContextHolderAwareRequestFilter@5712c9ca, org.springframework.security.web.authentication.AnonymousAuthenticationFilter@6ca1cfce, org.springframework.security.web.session.SessionManagementFilter@1adee839, org.springframework.security.web.access.ExceptionTranslationFilter@57e3a6a7, org.springframework.security.web.access.intercept.FilterSecurityInterceptor@6bc36e64]
2024-10-22 18:26:06.282  INFO 3440 --- [    Test worker] o.s.s.concurrent.ThreadPoolTaskExecutor  : Initializing ExecutorService 'applicationTaskExecutor'
2024-10-22 18:26:06.323  WARN 3440 --- [    Test worker] aWebConfiguration$JpaWebMvcConfiguration : spring.jpa.open-in-view is enabled by default. Therefore, database queries may be performed during view rendering. Explicitly configure spring.jpa.open-in-view to disable this warning
2024-10-22 18:26:06.392  INFO 3440 --- [    Test worker] o.s.b.a.w.s.WelcomePageHandlerMapping    : Adding welcome page template: index
2024-10-22 18:26:06.974  INFO 3440 --- [    Test worker] s.a.ScheduledAnnotationBeanPostProcessor : No TaskScheduler/ScheduledExecutorService bean found for scheduled processing
2024-10-22 18:26:07.008  INFO 3440 --- [    Test worker] o.s.b.w.embedded.tomcat.TomcatWebServer  : Tomcat started on port(s): 8849 (http) with context path ''
2024-10-22 18:26:07.009  INFO 3440 --- [    Test worker] c.b.b.s.web.IndexControllerTest          : Started IndexControllerTest in 4.574 seconds (JVM running for 21.277)
2024-10-22 18:26:07.198  INFO 3440 --- [o-auto-1-exec-1] o.a.c.c.C.[Tomcat].[localhost].[/]       : Initializing Spring DispatcherServlet 'dispatcherServlet'
2024-10-22 18:26:07.199  INFO 3440 --- [o-auto-1-exec-1] o.s.web.servlet.DispatcherServlet        : Initializing Servlet 'dispatcherServlet'
2024-10-22 18:26:07.232  INFO 3440 --- [o-auto-1-exec-1] o.s.web.servlet.DispatcherServlet        : Completed initialization in 33 ms
Hibernate: select posts0_.id as id1_0_, posts0_.created_date as created_2_0_, posts0_.modified_date as modified3_0_, posts0_.author as author4_0_, posts0_.content as content5_0_, posts0_.title as title6_0_ from posts posts0_ order by posts0_.id DESC
]]></system-out>
  <system-err><![CDATA[]]></system-err>
</testsuite>
