<?xml version="1.0" encoding="UTF-8"?>
<testsuite name="com.been.book.springboot.domain.posts.PostRepositoryTest" tests="2" skipped="0" failures="0" errors="0" timestamp="2024-10-18T09:40:56" hostname="JungBeen" time="0.659">
  <properties/>
  <testcase name="게시글저장_불러오기" classname="com.been.book.springboot.domain.posts.PostRepositoryTest" time="0.468"/>
  <testcase name="BaseTimeEntity_등록" classname="com.been.book.springboot.domain.posts.PostRepositoryTest" time="0.19"/>
  <system-out><![CDATA[18:40:38.786 [Test worker] DEBUG org.springframework.test.context.junit4.SpringJUnit4ClassRunner - SpringJUnit4ClassRunner constructor called with [class com.been.book.springboot.domain.posts.PostRepositoryTest]
18:40:38.807 [Test worker] DEBUG org.springframework.test.context.BootstrapUtils - Instantiating CacheAwareContextLoaderDelegate from class [org.springframework.test.context.cache.DefaultCacheAwareContextLoaderDelegate]
18:40:38.831 [Test worker] DEBUG org.springframework.test.context.BootstrapUtils - Instantiating BootstrapContext using constructor [public org.springframework.test.context.support.DefaultBootstrapContext(java.lang.Class,org.springframework.test.context.CacheAwareContextLoaderDelegate)]
18:40:38.861 [Test worker] DEBUG org.springframework.test.context.BootstrapUtils - Instantiating TestContextBootstrapper for test class [com.been.book.springboot.domain.posts.PostRepositoryTest] from class [org.springframework.boot.test.context.SpringBootTestContextBootstrapper]
18:40:38.891 [Test worker] INFO org.springframework.boot.test.context.SpringBootTestContextBootstrapper - Neither @ContextConfiguration nor @ContextHierarchy found for test class [com.been.book.springboot.domain.posts.PostRepositoryTest], using SpringBootContextLoader
18:40:38.897 [Test worker] DEBUG org.springframework.test.context.support.AbstractContextLoader - Did not detect default resource location for test class [com.been.book.springboot.domain.posts.PostRepositoryTest]: class path resource [com/been/book/springboot/domain/posts/PostRepositoryTest-context.xml] does not exist
18:40:38.899 [Test worker] DEBUG org.springframework.test.context.support.AbstractContextLoader - Did not detect default resource location for test class [com.been.book.springboot.domain.posts.PostRepositoryTest]: class path resource [com/been/book/springboot/domain/posts/PostRepositoryTestContext.groovy] does not exist
18:40:38.900 [Test worker] INFO org.springframework.test.context.support.AbstractContextLoader - Could not detect default resource locations for test class [com.been.book.springboot.domain.posts.PostRepositoryTest]: no resource found for suffixes {-context.xml, Context.groovy}.
18:40:38.901 [Test worker] INFO org.springframework.test.context.support.AnnotationConfigContextLoaderUtils - Could not detect default configuration classes for test class [com.been.book.springboot.domain.posts.PostRepositoryTest]: PostRepositoryTest does not declare any static, non-private, non-final, nested classes annotated with @Configuration.
18:40:39.031 [Test worker] DEBUG org.springframework.test.context.support.ActiveProfilesUtils - Could not find an 'annotation declaring class' for annotation type [org.springframework.test.context.ActiveProfiles] and class [com.been.book.springboot.domain.posts.PostRepositoryTest]
18:40:39.242 [Test worker] DEBUG org.springframework.context.annotation.ClassPathScanningCandidateComponentProvider - Identified candidate component class: file [C:\Users\LJB\Desktop\bootmazon\build\classes\java\main\com\been\book\springboot\Application.class]
18:40:39.246 [Test worker] INFO org.springframework.boot.test.context.SpringBootTestContextBootstrapper - Found @SpringBootConfiguration com.been.book.springboot.Application for test class com.been.book.springboot.domain.posts.PostRepositoryTest
18:40:39.472 [Test worker] DEBUG org.springframework.boot.test.context.SpringBootTestContextBootstrapper - @TestExecutionListeners is not present for class [com.been.book.springboot.domain.posts.PostRepositoryTest]: using defaults.
18:40:39.474 [Test worker] INFO org.springframework.boot.test.context.SpringBootTestContextBootstrapper - Loaded default TestExecutionListener class names from location [META-INF/spring.factories]: [org.springframework.security.test.context.support.WithSecurityContextTestExecutionListener, org.springframework.security.test.context.support.ReactorContextTestExecutionListener, org.springframework.boot.test.autoconfigure.restdocs.RestDocsTestExecutionListener, org.springframework.boot.test.autoconfigure.web.client.MockRestServiceServerResetTestExecutionListener, org.springframework.boot.test.autoconfigure.web.servlet.MockMvcPrintOnlyOnFailureTestExecutionListener, org.springframework.boot.test.autoconfigure.web.servlet.WebDriverTestExecutionListener, org.springframework.boot.test.mock.mockito.MockitoTestExecutionListener, org.springframework.boot.test.mock.mockito.ResetMocksTestExecutionListener, org.springframework.test.context.web.ServletTestExecutionListener, org.springframework.test.context.support.DirtiesContextBeforeModesTestExecutionListener, org.springframework.test.context.support.DependencyInjectionTestExecutionListener, org.springframework.test.context.support.DirtiesContextTestExecutionListener, org.springframework.test.context.transaction.TransactionalTestExecutionListener, org.springframework.test.context.jdbc.SqlScriptsTestExecutionListener]
18:40:39.570 [Test worker] INFO org.springframework.boot.test.context.SpringBootTestContextBootstrapper - Using TestExecutionListeners: [org.springframework.test.context.web.ServletTestExecutionListener@267717bf, org.springframework.test.context.support.DirtiesContextBeforeModesTestExecutionListener@3ca732db, org.springframework.boot.test.mock.mockito.MockitoTestExecutionListener@4780c237, org.springframework.boot.test.autoconfigure.SpringBootDependencyInjectionTestExecutionListener@74ac5b8e, org.springframework.test.context.support.DirtiesContextTestExecutionListener@6af8604b, org.springframework.test.context.transaction.TransactionalTestExecutionListener@6f4cb625, org.springframework.test.context.jdbc.SqlScriptsTestExecutionListener@2e9c4081, org.springframework.security.test.context.support.WithSecurityContextTestExecutionListener@387a0ef7, org.springframework.security.test.context.support.ReactorContextTestExecutionListener@1129cb8b, org.springframework.boot.test.autoconfigure.restdocs.RestDocsTestExecutionListener@1b5eba15, org.springframework.boot.test.autoconfigure.web.client.MockRestServiceServerResetTestExecutionListener@578a69b7, org.springframework.boot.test.autoconfigure.web.servlet.MockMvcPrintOnlyOnFailureTestExecutionListener@3f6fd807, org.springframework.boot.test.autoconfigure.web.servlet.WebDriverTestExecutionListener@60c529f2, org.springframework.boot.test.mock.mockito.ResetMocksTestExecutionListener@ea5b9ed]
18:40:39.580 [Test worker] DEBUG org.springframework.test.annotation.ProfileValueUtils - Retrieved @ProfileValueSourceConfiguration [null] for test class [com.been.book.springboot.domain.posts.PostRepositoryTest]
18:40:39.581 [Test worker] DEBUG org.springframework.test.annotation.ProfileValueUtils - Retrieved ProfileValueSource type [class org.springframework.test.annotation.SystemProfileValueSource] for class [com.been.book.springboot.domain.posts.PostRepositoryTest]
18:40:39.584 [Test worker] DEBUG org.springframework.test.annotation.ProfileValueUtils - Retrieved @ProfileValueSourceConfiguration [null] for test class [com.been.book.springboot.domain.posts.PostRepositoryTest]
18:40:39.585 [Test worker] DEBUG org.springframework.test.annotation.ProfileValueUtils - Retrieved ProfileValueSource type [class org.springframework.test.annotation.SystemProfileValueSource] for class [com.been.book.springboot.domain.posts.PostRepositoryTest]
18:40:39.598 [Test worker] DEBUG org.springframework.test.context.support.AbstractDirtiesContextTestExecutionListener - Before test class: context [DefaultTestContext@3eb53907 testClass = PostRepositoryTest, testInstance = [null], testMethod = [null], testException = [null], mergedContextConfiguration = [WebMergedContextConfiguration@3f2d63b6 testClass = PostRepositoryTest, locations = '{}', classes = '{class com.been.book.springboot.Application}', contextInitializerClasses = '[]', activeProfiles = '{}', propertySourceLocations = '{}', propertySourceProperties = '{org.springframework.boot.test.context.SpringBootTestContextBootstrapper=true}', contextCustomizers = set[org.springframework.boot.test.autoconfigure.properties.PropertyMappingContextCustomizer@0, org.springframework.boot.test.autoconfigure.web.servlet.WebDriverContextCustomizerFactory$Customizer@73a9f656, org.springframework.boot.test.context.filter.ExcludeFilterContextCustomizer@3ee5f7e, org.springframework.boot.test.json.DuplicateJsonObjectContextCustomizerFactory$DuplicateJsonObjectContextCustomizer@398c5ce3, org.springframework.boot.test.mock.mockito.MockitoContextCustomizer@0, org.springframework.boot.test.web.client.TestRestTemplateContextCustomizer@29a5efda], resourceBasePath = 'src/main/webapp', contextLoader = 'org.springframework.boot.test.context.SpringBootContextLoader', parent = [null]], attributes = map['org.springframework.test.context.web.ServletTestExecutionListener.activateListener' -> true]], class annotated with @DirtiesContext [false] with mode [null].
18:40:39.600 [Test worker] DEBUG org.springframework.test.annotation.ProfileValueUtils - Retrieved @ProfileValueSourceConfiguration [null] for test class [com.been.book.springboot.domain.posts.PostRepositoryTest]
18:40:39.600 [Test worker] DEBUG org.springframework.test.annotation.ProfileValueUtils - Retrieved ProfileValueSource type [class org.springframework.test.annotation.SystemProfileValueSource] for class [com.been.book.springboot.domain.posts.PostRepositoryTest]
18:40:39.701 [Test worker] DEBUG org.springframework.test.context.support.TestPropertySourceUtils - Adding inlined properties to environment: {spring.jmx.enabled=false, org.springframework.boot.test.context.SpringBootTestContextBootstrapper=true, server.port=-1}

  .   ____          _            __ _ _
 /\\ / ___'_ __ _ _(_)_ __  __ _ \ \ \ \
( ( )\___ | '_ | '_| | '_ \/ _` | \ \ \ \
 \\/  ___)| |_)| | | | | || (_| |  ) ) ) )
  '  |____| .__|_| |_|_| |_\__, | / / / /
 =========|_|==============|___/=/_/_/_/
 :: Spring Boot ::        (v2.1.7.RELEASE)

2024-10-18 18:40:41.465  INFO 13192 --- [    Test worker] c.b.b.s.domain.posts.PostRepositoryTest  : Starting PostRepositoryTest on JungBeen with PID 13192 (started by LJB in C:\Users\LJB\Desktop\bootmazon)
2024-10-18 18:40:41.472  INFO 13192 --- [    Test worker] c.b.b.s.domain.posts.PostRepositoryTest  : No active profile set, falling back to default profiles: default
2024-10-18 18:40:45.012  INFO 13192 --- [    Test worker] .s.d.r.c.RepositoryConfigurationDelegate : Bootstrapping Spring Data repositories in DEFAULT mode.
2024-10-18 18:40:45.166  INFO 13192 --- [    Test worker] .s.d.r.c.RepositoryConfigurationDelegate : Finished Spring Data repository scanning in 137ms. Found 2 repository interfaces.
2024-10-18 18:40:46.092  INFO 13192 --- [    Test worker] trationDelegate$BeanPostProcessorChecker : Bean 'org.springframework.transaction.annotation.ProxyTransactionManagementConfiguration' of type [org.springframework.transaction.annotation.ProxyTransactionManagementConfiguration$$EnhancerBySpringCGLIB$$4e238830] is not eligible for getting processed by all BeanPostProcessors (for example: not eligible for auto-proxying)
2024-10-18 18:40:46.528  INFO 13192 --- [    Test worker] com.zaxxer.hikari.HikariDataSource       : HikariPool-1 - Starting...
2024-10-18 18:40:46.875  INFO 13192 --- [    Test worker] com.zaxxer.hikari.HikariDataSource       : HikariPool-1 - Start completed.
2024-10-18 18:40:47.088  INFO 13192 --- [    Test worker] o.hibernate.jpa.internal.util.LogHelper  : HHH000204: Processing PersistenceUnitInfo [
	name: default
	...]
2024-10-18 18:40:47.323  INFO 13192 --- [    Test worker] org.hibernate.Version                    : HHH000412: Hibernate Core {5.3.10.Final}
2024-10-18 18:40:47.327  INFO 13192 --- [    Test worker] org.hibernate.cfg.Environment            : HHH000206: hibernate.properties not found
2024-10-18 18:40:47.732  INFO 13192 --- [    Test worker] o.hibernate.annotations.common.Version   : HCANN000001: Hibernate Commons Annotations {5.0.4.Final}
2024-10-18 18:40:48.117  INFO 13192 --- [    Test worker] org.hibernate.dialect.Dialect            : HHH000400: Using dialect: org.hibernate.dialect.MySQL57Dialect
Hibernate: drop table if exists posts
Hibernate: drop table if exists user
Hibernate: create table posts (id bigint not null auto_increment, created_date datetime(6), modified_date datetime(6), author varchar(255), content TEXT not null, title varchar(500) not null, primary key (id)) engine=InnoDB
Hibernate: create table user (id bigint not null auto_increment, email varchar(255) not null, name varchar(255) not null, picture varchar(255), role varchar(255) not null, primary key (id)) engine=InnoDB
2024-10-18 18:40:49.406  INFO 13192 --- [    Test worker] o.h.t.schema.internal.SchemaCreatorImpl  : HHH000476: Executing import script 'org.hibernate.tool.schema.internal.exec.ScriptSourceInputNonExistentImpl@78dfbf38'
2024-10-18 18:40:49.411  INFO 13192 --- [    Test worker] j.LocalContainerEntityManagerFactoryBean : Initialized JPA EntityManagerFactory for persistence unit 'default'
2024-10-18 18:40:51.804  INFO 13192 --- [    Test worker] o.h.h.i.QueryTranslatorFactoryInitiator  : HHH000397: Using ASTQueryTranslatorFactory
2024-10-18 18:40:53.721  INFO 13192 --- [    Test worker] o.s.s.web.DefaultSecurityFilterChain     : Creating filter chain: any request, [org.springframework.security.web.context.request.async.WebAsyncManagerIntegrationFilter@50114ab7, org.springframework.security.web.context.SecurityContextPersistenceFilter@2f4fd922, org.springframework.security.web.header.HeaderWriterFilter@5bf33c01, org.springframework.security.web.authentication.logout.LogoutFilter@12a31f0c, org.springframework.security.oauth2.client.web.OAuth2AuthorizationRequestRedirectFilter@49718856, org.springframework.security.oauth2.client.web.OAuth2LoginAuthenticationFilter@7b0f0405, org.springframework.security.web.authentication.ui.DefaultLoginPageGeneratingFilter@71f38546, org.springframework.security.web.authentication.ui.DefaultLogoutPageGeneratingFilter@7c9bef05, org.springframework.security.web.savedrequest.RequestCacheAwareFilter@34f1a218, org.springframework.security.web.servletapi.SecurityContextHolderAwareRequestFilter@4a4858aa, org.springframework.security.web.authentication.AnonymousAuthenticationFilter@14b1b36b, org.springframework.security.web.session.SessionManagementFilter@5b2a020f, org.springframework.security.web.access.ExceptionTranslationFilter@27ce0da, org.springframework.security.web.access.intercept.FilterSecurityInterceptor@2f2347fb]
2024-10-18 18:40:54.913  INFO 13192 --- [    Test worker] o.s.s.concurrent.ThreadPoolTaskExecutor  : Initializing ExecutorService 'applicationTaskExecutor'
2024-10-18 18:40:55.038  WARN 13192 --- [    Test worker] aWebConfiguration$JpaWebMvcConfiguration : spring.jpa.open-in-view is enabled by default. Therefore, database queries may be performed during view rendering. Explicitly configure spring.jpa.open-in-view to disable this warning
2024-10-18 18:40:55.173  INFO 13192 --- [    Test worker] o.s.b.a.w.s.WelcomePageHandlerMapping    : Adding welcome page template: index
2024-10-18 18:40:56.208  INFO 13192 --- [    Test worker] s.a.ScheduledAnnotationBeanPostProcessor : No TaskScheduler/ScheduledExecutorService bean found for scheduled processing
2024-10-18 18:40:56.225  INFO 13192 --- [    Test worker] c.b.b.s.domain.posts.PostRepositoryTest  : Started PostRepositoryTest in 16.494 seconds (JVM running for 19.653)
Hibernate: insert into posts (created_date, modified_date, author, content, title) values (?, ?, ?, ?, ?)
Hibernate: select posts0_.id as id1_0_, posts0_.created_date as created_2_0_, posts0_.modified_date as modified3_0_, posts0_.author as author4_0_, posts0_.content as content5_0_, posts0_.title as title6_0_ from posts posts0_
Hibernate: select posts0_.id as id1_0_, posts0_.created_date as created_2_0_, posts0_.modified_date as modified3_0_, posts0_.author as author4_0_, posts0_.content as content5_0_, posts0_.title as title6_0_ from posts posts0_
Hibernate: delete from posts where id=?
Hibernate: insert into posts (created_date, modified_date, author, content, title) values (?, ?, ?, ?, ?)
Hibernate: select posts0_.id as id1_0_, posts0_.created_date as created_2_0_, posts0_.modified_date as modified3_0_, posts0_.author as author4_0_, posts0_.content as content5_0_, posts0_.title as title6_0_ from posts posts0_
>>>>>>>>>>>>> createDate = 2024-10-18T18:40:56.740171, modifiedDate = 2024-10-18T18:40:56.740171
Hibernate: select posts0_.id as id1_0_, posts0_.created_date as created_2_0_, posts0_.modified_date as modified3_0_, posts0_.author as author4_0_, posts0_.content as content5_0_, posts0_.title as title6_0_ from posts posts0_
Hibernate: delete from posts where id=?
]]></system-out>
  <system-err><![CDATA[]]></system-err>
</testsuite>
